2014-03-19 11:04:18,228 [1] INFO  Exitgames.Realtime.Policy.Application.Policy [(null)] - Application start. AppId: Policy ApplicationPath: E:\Data\Projects\Dawn\Release\DawnServer\Policy
2014-03-19 11:04:18,239 [1] INFO  Exitgames.Realtime.Policy.Application.Policy [(null)] - Policy file: 
<cross-domain-policy>
	<allow-access-from domain="*" to-ports="5055,5056,5057,4530,4531,4532,9090,9091,9092" />
</cross-domain-policy>
2014-03-19 11:04:18,241 [1] INFO  Exitgames.Realtime.Policy.Application.Policy [(null)] - Policy file: 
<?xml version="1.0" encoding="utf-8"?>
<access-policy>
  <cross-domain-access>
    <policy>
      <allow-from>
        <domain uri="*" />
      </allow-from>
      <grant-to>
        <socket-resource port="4530-4532" protocol="tcp" />
      </grant-to>
    </policy>
  </cross-domain-access>
</access-policy>
2014-03-19 11:09:28,617 [1] INFO  Exitgames.Realtime.Policy.Application.Policy [(null)] - Application stop. AppId: Policy
2014-03-19 11:11:38,266 [1] INFO  Exitgames.Realtime.Policy.Application.Policy [(null)] - Application start. AppId: Policy ApplicationPath: E:\Data\Projects\Dawn\Release\DawnServer\Policy
2014-03-19 11:11:38,276 [1] INFO  Exitgames.Realtime.Policy.Application.Policy [(null)] - Policy file: 
<cross-domain-policy>
	<allow-access-from domain="*" to-ports="5055,5056,5057,4530,4531,4532,9090,9091,9092" />
</cross-domain-policy>
2014-03-19 11:11:38,278 [1] INFO  Exitgames.Realtime.Policy.Application.Policy [(null)] - Policy file: 
<?xml version="1.0" encoding="utf-8"?>
<access-policy>
  <cross-domain-access>
    <policy>
      <allow-from>
        <domain uri="*" />
      </allow-from>
      <grant-to>
        <socket-resource port="4530-4532" protocol="tcp" />
      </grant-to>
    </policy>
  </cross-domain-access>
</access-policy>
2014-03-19 11:11:50,419 [1] INFO  Exitgames.Realtime.Policy.Application.Policy [(null)] - Application stop. AppId: Policy
2014-03-19 11:23:03,575 [1] INFO  Exitgames.Realtime.Policy.Application.Policy [(null)] - Application start. AppId: Policy ApplicationPath: E:\Data\Projects\Dawn\Release\DawnServer\Policy
2014-03-19 11:23:03,585 [1] INFO  Exitgames.Realtime.Policy.Application.Policy [(null)] - Policy file: 
<cross-domain-policy>
	<allow-access-from domain="*" to-ports="5055,5056,5057,4530,4531,4532,9090,9091,9092" />
</cross-domain-policy>
2014-03-19 11:23:03,587 [1] INFO  Exitgames.Realtime.Policy.Application.Policy [(null)] - Policy file: 
<?xml version="1.0" encoding="utf-8"?>
<access-policy>
  <cross-domain-access>
    <policy>
      <allow-from>
        <domain uri="*" />
      </allow-from>
      <grant-to>
        <socket-resource port="4530-4532" protocol="tcp" />
      </grant-to>
    </policy>
  </cross-domain-access>
</access-policy>
2014-03-19 11:24:01,340 [1] INFO  Exitgames.Realtime.Policy.Application.Policy [(null)] - Application stop. AppId: Policy
