2013-03-05 21:21:17,039 [ 1] INFO  PhotonHostRuntime.PhotonDomainManager - Initialize: ApplicationName = 'DefaultDomain', DomainID = '1'
2013-03-05 21:21:17,055 [ 1] INFO  PhotonHostRuntime.PhotonDomainManager - AppDomains with unhandled exceptions are usually not unloaded and restarted.
2013-03-05 21:21:17,058 [ 1] INFO  PhotonHostRuntime.PhotonDomainManager - Getting license information:
2013-03-05 21:21:17,896 [ 1] INFO  PhotonHostRuntime.PhotonLicensing - LICENSE: Expiration: never; floating license: yes; max connections: 100; valid IPs: any
2013-03-05 21:21:19,131 [ 1] INFO  PhotonHostRuntime.PhotonDomainManager - CreateAppDomain: name = 'Lite' , assemblyName = 'Lite'
2013-03-05 21:21:19,134 [ 1] INFO  PhotonHostRuntime.PhotonDomainManager -   ApplicationBase = 'D:\Data\Projects\Testing\DawnOnline\PhotonServer32\deploy'
2013-03-05 21:21:19,135 [ 1] INFO  PhotonHostRuntime.PhotonDomainManager -   PrivateBinPath = 'D:\Data\Projects\Testing\DawnOnline\PhotonServer32\deploy\Lite\bin;bin_Win32;Shared;'
2013-03-05 21:21:19,137 [ 1] INFO  PhotonHostRuntime.PhotonDomainManager -   ConfigurationFile = 'D:\Data\Projects\Testing\DawnOnline\PhotonServer32\deploy\Lite\bin\Lite.dll.config'
2013-03-05 21:21:19,140 [ 1] INFO  PhotonHostRuntime.PhotonDomainManager -   CachePath = 'D:\Data\Projects\Testing\DawnOnline\PhotonServer32\deploy\Lite\bin\Cache'
2013-03-05 21:21:19,326 [ 1] INFO  PhotonHostRuntime.PhotonDomainManager -   ApplicationPath = 'D:\Data\Projects\Testing\DawnOnline\PhotonServer32\deploy\Lite'
2013-03-05 21:21:19,328 [ 1] INFO  PhotonHostRuntime.PhotonDomainManager -   BinaryPath = 'D:\Data\Projects\Testing\DawnOnline\PhotonServer32\deploy\Lite\bin'
2013-03-05 21:21:19,330 [ 1] INFO  PhotonHostRuntime.PhotonDomainManager -   ApplicationRootPath = 'D:\Data\Projects\Testing\DawnOnline\PhotonServer32\deploy'
2013-03-05 21:21:19,332 [ 1] INFO  PhotonHostRuntime.PhotonDomainManager -   UnmanagedLogPath = 'D:\Data\Projects\Testing\DawnOnline\PhotonServer32\deploy\bin_Win32\log'
2013-03-05 21:21:19,388 [ 1] INFO  PhotonHostRuntime.PhotonDomainManager - AssemblyLoadEvent: Lite, Version=3.2.10.4248, Culture=neutral, PublicKeyToken=null from file:///D:/Data/Projects/Testing/DawnOnline/PhotonServer32/deploy/Lite/bin/Lite.DLL
2013-03-05 21:21:19,391 [ 1] INFO  PhotonHostRuntime.PhotonDomainManager - Photon SDK:3.2.10.4248
2013-03-05 21:21:19,445 [ 1] INFO  PhotonHostRuntime.PhotonDomainManager - AssemblyLoadEvent: Photon.SocketServer, Version=3.2.10.4248, Culture=neutral, PublicKeyToken=48c2fa3b6988090e from file:///D:/Data/Projects/Testing/DawnOnline/PhotonServer32/deploy/Lite/bin/Photon.SocketServer.DLL
2013-03-05 21:21:19,494 [ 1] INFO  PhotonHostRuntime.PhotonDomainManager - AssemblyLoadEvent: ExitGamesLibs, Version=0.9.9.5, Culture=neutral, PublicKeyToken=eac0edd9746a4aa0 from file:///D:/Data/Projects/Testing/DawnOnline/PhotonServer32/deploy/Lite/bin/ExitGamesLibs.DLL
2013-03-05 21:21:19,511 [ 1] INFO  PhotonHostRuntime.PhotonDomainManager - AssemblyLoadEvent: System.Core, Version=4.0.0.0, Culture=neutral, PublicKeyToken=b77a5c561934e089 from file:///C:/Windows/Microsoft.Net/assembly/GAC_MSIL/System.Core/v4.0_4.0.0.0__b77a5c561934e089/System.Core.dll
2013-03-05 21:21:19,516 [ 1] INFO  PhotonHostRuntime.PhotonDomainManager - Starting: name = 'Lite', assemblyName = 'Lite', typeName = 'Lite.LiteApplication'
2013-03-05 21:21:19,525 [ 1] INFO  PhotonHostRuntime.PhotonDomainManager - CreateAppDomain: name = 'LiteLobby' , assemblyName = 'LiteLobby'
2013-03-05 21:21:19,527 [ 1] INFO  PhotonHostRuntime.PhotonDomainManager -   ApplicationBase = 'D:\Data\Projects\Testing\DawnOnline\PhotonServer32\deploy'
2013-03-05 21:21:19,529 [ 1] INFO  PhotonHostRuntime.PhotonDomainManager -   PrivateBinPath = 'D:\Data\Projects\Testing\DawnOnline\PhotonServer32\deploy\LiteLobby\bin;bin_Win32;Shared;'
2013-03-05 21:21:19,531 [ 1] INFO  PhotonHostRuntime.PhotonDomainManager -   ConfigurationFile = 'D:\Data\Projects\Testing\DawnOnline\PhotonServer32\deploy\LiteLobby\bin\LiteLobby.dll.config'
2013-03-05 21:21:19,533 [ 1] INFO  PhotonHostRuntime.PhotonDomainManager -   CachePath = 'D:\Data\Projects\Testing\DawnOnline\PhotonServer32\deploy\LiteLobby\bin\Cache'
2013-03-05 21:21:19,863 [ 1] INFO  PhotonHostRuntime.PhotonDomainManager -   ApplicationPath = 'D:\Data\Projects\Testing\DawnOnline\PhotonServer32\deploy\LiteLobby'
2013-03-05 21:21:19,866 [ 1] INFO  PhotonHostRuntime.PhotonDomainManager -   BinaryPath = 'D:\Data\Projects\Testing\DawnOnline\PhotonServer32\deploy\LiteLobby\bin'
2013-03-05 21:21:19,868 [ 1] INFO  PhotonHostRuntime.PhotonDomainManager -   ApplicationRootPath = 'D:\Data\Projects\Testing\DawnOnline\PhotonServer32\deploy'
2013-03-05 21:21:19,870 [ 1] INFO  PhotonHostRuntime.PhotonDomainManager -   UnmanagedLogPath = 'D:\Data\Projects\Testing\DawnOnline\PhotonServer32\deploy\bin_Win32\log'
2013-03-05 21:21:19,929 [ 1] INFO  PhotonHostRuntime.PhotonDomainManager - AssemblyLoadEvent: LiteLobby, Version=3.2.10.4248, Culture=neutral, PublicKeyToken=null from file:///D:/Data/Projects/Testing/DawnOnline/PhotonServer32/deploy/LiteLobby/bin/LiteLobby.DLL
2013-03-05 21:21:19,932 [ 1] INFO  PhotonHostRuntime.PhotonDomainManager - Photon SDK:3.2.10.4248
2013-03-05 21:21:19,970 [ 1] INFO  PhotonHostRuntime.PhotonDomainManager - AssemblyLoadEvent: Lite, Version=3.2.10.4248, Culture=neutral, PublicKeyToken=null from file:///D:/Data/Projects/Testing/DawnOnline/PhotonServer32/deploy/LiteLobby/bin/Lite.DLL
2013-03-05 21:21:20,018 [ 1] INFO  PhotonHostRuntime.PhotonDomainManager - AssemblyLoadEvent: Photon.SocketServer, Version=3.2.10.4248, Culture=neutral, PublicKeyToken=48c2fa3b6988090e from file:///D:/Data/Projects/Testing/DawnOnline/PhotonServer32/deploy/LiteLobby/bin/Photon.SocketServer.DLL
2013-03-05 21:21:20,077 [ 1] INFO  PhotonHostRuntime.PhotonDomainManager - AssemblyLoadEvent: ExitGamesLibs, Version=0.9.9.5, Culture=neutral, PublicKeyToken=eac0edd9746a4aa0 from file:///D:/Data/Projects/Testing/DawnOnline/PhotonServer32/deploy/LiteLobby/bin/ExitGamesLibs.DLL
2013-03-05 21:21:20,162 [ 1] INFO  PhotonHostRuntime.PhotonDomainManager - AssemblyLoadEvent: System.Core, Version=4.0.0.0, Culture=neutral, PublicKeyToken=b77a5c561934e089 from file:///C:/Windows/Microsoft.Net/assembly/GAC_MSIL/System.Core/v4.0_4.0.0.0__b77a5c561934e089/System.Core.dll
2013-03-05 21:21:20,167 [ 1] INFO  PhotonHostRuntime.PhotonDomainManager - Starting: name = 'LiteLobby', assemblyName = 'LiteLobby', typeName = 'LiteLobby.LiteLobbyApplication'
2013-03-05 21:21:20,176 [ 1] INFO  PhotonHostRuntime.PhotonDomainManager - CreateAppDomain: name = 'MmoDemo' , assemblyName = 'Photon.MmoDemo.Server'
2013-03-05 21:21:20,178 [ 1] INFO  PhotonHostRuntime.PhotonDomainManager -   ApplicationBase = 'D:\Data\Projects\Testing\DawnOnline\PhotonServer32\deploy'
2013-03-05 21:21:20,180 [ 1] INFO  PhotonHostRuntime.PhotonDomainManager -   PrivateBinPath = 'D:\Data\Projects\Testing\DawnOnline\PhotonServer32\deploy\MmoDemo\bin;bin_Win32;Shared;'
2013-03-05 21:21:20,183 [ 1] INFO  PhotonHostRuntime.PhotonDomainManager -   ConfigurationFile = ''
2013-03-05 21:21:20,185 [ 1] INFO  PhotonHostRuntime.PhotonDomainManager -   CachePath = 'D:\Data\Projects\Testing\DawnOnline\PhotonServer32\deploy\MmoDemo\bin\Cache'
2013-03-05 21:21:20,517 [ 1] INFO  PhotonHostRuntime.PhotonDomainManager -   ApplicationPath = 'D:\Data\Projects\Testing\DawnOnline\PhotonServer32\deploy\MmoDemo'
2013-03-05 21:21:20,520 [ 1] INFO  PhotonHostRuntime.PhotonDomainManager -   BinaryPath = 'D:\Data\Projects\Testing\DawnOnline\PhotonServer32\deploy\MmoDemo\bin'
2013-03-05 21:21:20,522 [ 1] INFO  PhotonHostRuntime.PhotonDomainManager -   ApplicationRootPath = 'D:\Data\Projects\Testing\DawnOnline\PhotonServer32\deploy'
2013-03-05 21:21:20,524 [ 1] INFO  PhotonHostRuntime.PhotonDomainManager -   UnmanagedLogPath = 'D:\Data\Projects\Testing\DawnOnline\PhotonServer32\deploy\bin_Win32\log'
2013-03-05 21:21:20,583 [ 1] INFO  PhotonHostRuntime.PhotonDomainManager - AssemblyLoadEvent: Photon.MmoDemo.Server, Version=3.2.10.4248, Culture=neutral, PublicKeyToken=null from file:///D:/Data/Projects/Testing/DawnOnline/PhotonServer32/deploy/MmoDemo/bin/Photon.MmoDemo.Server.DLL
2013-03-05 21:21:20,586 [ 1] INFO  PhotonHostRuntime.PhotonDomainManager - Photon SDK:3.2.10.4248
2013-03-05 21:21:20,635 [ 1] INFO  PhotonHostRuntime.PhotonDomainManager - AssemblyLoadEvent: Photon.SocketServer, Version=3.2.10.4248, Culture=neutral, PublicKeyToken=48c2fa3b6988090e from file:///D:/Data/Projects/Testing/DawnOnline/PhotonServer32/deploy/MmoDemo/bin/Photon.SocketServer.DLL
2013-03-05 21:21:20,697 [ 1] INFO  PhotonHostRuntime.PhotonDomainManager - AssemblyLoadEvent: ExitGamesLibs, Version=0.9.9.5, Culture=neutral, PublicKeyToken=eac0edd9746a4aa0 from file:///D:/Data/Projects/Testing/DawnOnline/PhotonServer32/deploy/MmoDemo/bin/ExitGamesLibs.DLL
2013-03-05 21:21:20,714 [ 1] INFO  PhotonHostRuntime.PhotonDomainManager - AssemblyLoadEvent: System.Core, Version=4.0.0.0, Culture=neutral, PublicKeyToken=b77a5c561934e089 from file:///C:/Windows/Microsoft.Net/assembly/GAC_MSIL/System.Core/v4.0_4.0.0.0__b77a5c561934e089/System.Core.dll
2013-03-05 21:21:20,721 [ 1] INFO  PhotonHostRuntime.PhotonDomainManager - Starting: name = 'MmoDemo', assemblyName = 'Photon.MmoDemo.Server', typeName = 'Photon.MmoDemo.Server.PhotonApplication'
2013-03-05 21:21:20,730 [ 1] INFO  PhotonHostRuntime.PhotonDomainManager - CreateAppDomain: name = 'CounterPublisher' , assemblyName = 'CounterPublisher'
2013-03-05 21:21:20,732 [ 1] INFO  PhotonHostRuntime.PhotonDomainManager -   ApplicationBase = 'D:\Data\Projects\Testing\DawnOnline\PhotonServer32\deploy'
2013-03-05 21:21:20,734 [ 1] INFO  PhotonHostRuntime.PhotonDomainManager -   PrivateBinPath = 'D:\Data\Projects\Testing\DawnOnline\PhotonServer32\deploy\CounterPublisher\bin;bin_Win32;Shared;'
2013-03-05 21:21:20,736 [ 1] INFO  PhotonHostRuntime.PhotonDomainManager -   ConfigurationFile = 'D:\Data\Projects\Testing\DawnOnline\PhotonServer32\deploy\CounterPublisher\bin\CounterPublisher.dll.config'
2013-03-05 21:21:20,738 [ 1] INFO  PhotonHostRuntime.PhotonDomainManager -   CachePath = 'D:\Data\Projects\Testing\DawnOnline\PhotonServer32\deploy\CounterPublisher\bin\Cache'
2013-03-05 21:21:21,185 [ 1] INFO  PhotonHostRuntime.PhotonDomainManager -   ApplicationPath = 'D:\Data\Projects\Testing\DawnOnline\PhotonServer32\deploy\CounterPublisher'
2013-03-05 21:21:21,188 [ 1] INFO  PhotonHostRuntime.PhotonDomainManager -   BinaryPath = 'D:\Data\Projects\Testing\DawnOnline\PhotonServer32\deploy\CounterPublisher\bin'
2013-03-05 21:21:21,191 [ 1] INFO  PhotonHostRuntime.PhotonDomainManager -   ApplicationRootPath = 'D:\Data\Projects\Testing\DawnOnline\PhotonServer32\deploy'
2013-03-05 21:21:21,193 [ 1] INFO  PhotonHostRuntime.PhotonDomainManager -   UnmanagedLogPath = 'D:\Data\Projects\Testing\DawnOnline\PhotonServer32\deploy\bin_Win32\log'
2013-03-05 21:21:21,253 [ 1] INFO  PhotonHostRuntime.PhotonDomainManager - AssemblyLoadEvent: CounterPublisher, Version=3.2.10.4248, Culture=neutral, PublicKeyToken=null from file:///D:/Data/Projects/Testing/DawnOnline/PhotonServer32/deploy/CounterPublisher/bin/CounterPublisher.DLL
2013-03-05 21:21:21,255 [ 1] INFO  PhotonHostRuntime.PhotonDomainManager - Photon SDK:3.2.10.4248
2013-03-05 21:21:21,306 [ 1] INFO  PhotonHostRuntime.PhotonDomainManager - AssemblyLoadEvent: Photon.SocketServer, Version=3.2.10.4248, Culture=neutral, PublicKeyToken=48c2fa3b6988090e from file:///D:/Data/Projects/Testing/DawnOnline/PhotonServer32/deploy/CounterPublisher/bin/Photon.SocketServer.DLL
2013-03-05 21:21:21,363 [ 1] INFO  PhotonHostRuntime.PhotonDomainManager - AssemblyLoadEvent: ExitGamesLibs, Version=0.9.9.5, Culture=neutral, PublicKeyToken=eac0edd9746a4aa0 from file:///D:/Data/Projects/Testing/DawnOnline/PhotonServer32/deploy/CounterPublisher/bin/ExitGamesLibs.DLL
2013-03-05 21:21:21,384 [ 1] INFO  PhotonHostRuntime.PhotonDomainManager - AssemblyLoadEvent: System.Core, Version=4.0.0.0, Culture=neutral, PublicKeyToken=b77a5c561934e089 from file:///C:/Windows/Microsoft.Net/assembly/GAC_MSIL/System.Core/v4.0_4.0.0.0__b77a5c561934e089/System.Core.dll
2013-03-05 21:21:21,390 [ 1] INFO  PhotonHostRuntime.PhotonDomainManager - Starting: name = 'CounterPublisher', assemblyName = 'CounterPublisher', typeName = 'Photon.CounterPublisher.Application'
2013-03-05 21:21:21,396 [ 1] INFO  PhotonHostRuntime.PhotonDomainManager - CreateAppDomain: name = 'Policy' , assemblyName = 'Policy.Application'
2013-03-05 21:21:21,399 [ 1] INFO  PhotonHostRuntime.PhotonDomainManager -   ApplicationBase = 'D:\Data\Projects\Testing\DawnOnline\PhotonServer32\deploy'
2013-03-05 21:21:21,401 [ 1] INFO  PhotonHostRuntime.PhotonDomainManager -   PrivateBinPath = 'D:\Data\Projects\Testing\DawnOnline\PhotonServer32\deploy\Policy\bin;bin_Win32;Shared;'
2013-03-05 21:21:21,403 [ 1] INFO  PhotonHostRuntime.PhotonDomainManager -   ConfigurationFile = ''
2013-03-05 21:21:21,406 [ 1] INFO  PhotonHostRuntime.PhotonDomainManager -   CachePath = ''
2013-03-05 21:21:21,726 [ 1] INFO  PhotonHostRuntime.PhotonDomainManager -   ApplicationPath = 'D:\Data\Projects\Testing\DawnOnline\PhotonServer32\deploy\Policy'
2013-03-05 21:21:21,729 [ 1] INFO  PhotonHostRuntime.PhotonDomainManager -   BinaryPath = 'D:\Data\Projects\Testing\DawnOnline\PhotonServer32\deploy\Policy\bin'
2013-03-05 21:21:21,732 [ 1] INFO  PhotonHostRuntime.PhotonDomainManager -   ApplicationRootPath = 'D:\Data\Projects\Testing\DawnOnline\PhotonServer32\deploy'
2013-03-05 21:21:21,734 [ 1] INFO  PhotonHostRuntime.PhotonDomainManager -   UnmanagedLogPath = 'D:\Data\Projects\Testing\DawnOnline\PhotonServer32\deploy\bin_Win32\log'
2013-03-05 21:21:21,776 [ 1] INFO  PhotonHostRuntime.PhotonDomainManager - AssemblyLoadEvent: Policy.Application, Version=3.2.10.4248, Culture=neutral, PublicKeyToken=null from file:///D:/Data/Projects/Testing/DawnOnline/PhotonServer32/deploy/Policy/bin/Policy.Application.DLL
2013-03-05 21:21:21,780 [ 1] INFO  PhotonHostRuntime.PhotonDomainManager - Starting: name = 'Policy', assemblyName = 'Policy.Application', typeName = 'Exitgames.Realtime.Policy.Application.Policy'
2013-03-05 21:21:22,106 [ 1] INFO  PhotonHostRuntime.PhotonDomainManager - PhotonRunning: ApplicationName = 'CounterPublisher', DomainId='5' -- calling Application.Setup
2013-03-05 21:21:22,145 [ 1] INFO  PhotonHostRuntime.PhotonDomainManager - AssemblyLoadEvent: ExitGames.Logging.Log4Net, Version=0.9.9.5, Culture=neutral, PublicKeyToken=eac0edd9746a4aa0 from file:///D:/Data/Projects/Testing/DawnOnline/PhotonServer32/deploy/CounterPublisher/bin/ExitGames.Logging.Log4Net.DLL
2013-03-05 21:21:25,832 [ 1] INFO  PhotonHostRuntime.PhotonDomainManager - PhotonRunning: ApplicationName = 'Lite', DomainId='2' -- calling Application.Setup
2013-03-05 21:21:25,855 [ 1] INFO  PhotonHostRuntime.PhotonDomainManager - AssemblyLoadEvent: ExitGames.Logging.Log4Net, Version=0.9.9.5, Culture=neutral, PublicKeyToken=eac0edd9746a4aa0 from file:///D:/Data/Projects/Testing/DawnOnline/PhotonServer32/deploy/Lite/bin/ExitGames.Logging.Log4Net.DLL
2013-03-05 21:21:26,013 [ 1] INFO  PhotonHostRuntime.PhotonDomainManager - PhotonRunning: ApplicationName = 'LiteLobby', DomainId='3' -- calling Application.Setup
2013-03-05 21:21:26,046 [ 1] INFO  PhotonHostRuntime.PhotonDomainManager - AssemblyLoadEvent: ExitGames.Logging.Log4Net, Version=0.9.9.5, Culture=neutral, PublicKeyToken=eac0edd9746a4aa0 from file:///D:/Data/Projects/Testing/DawnOnline/PhotonServer32/deploy/LiteLobby/bin/ExitGames.Logging.Log4Net.DLL
2013-03-05 21:21:26,203 [ 1] INFO  PhotonHostRuntime.PhotonDomainManager - PhotonRunning: ApplicationName = 'MmoDemo', DomainId='4' -- calling Application.Setup
2013-03-05 21:21:26,240 [ 1] INFO  PhotonHostRuntime.PhotonDomainManager - AssemblyLoadEvent: ExitGames.Logging.Log4Net, Version=0.9.9.5, Culture=neutral, PublicKeyToken=eac0edd9746a4aa0 from file:///D:/Data/Projects/Testing/DawnOnline/PhotonServer32/deploy/MmoDemo/bin/ExitGames.Logging.Log4Net.DLL
2013-03-05 21:21:27,270 [ 1] INFO  PhotonHostRuntime.PhotonDomainManager - PhotonRunning: ApplicationName = 'Policy', DomainId='6' -- calling Application.Setup
2013-03-05 21:21:27,376 [ 1] INFO  PhotonHostRuntime.PhotonDomainManager - PhotonRunning: ApplicationName = 'DefaultDomain', DomainId='1'
2013-03-05 21:28:05,831 [ 1] INFO  PhotonHostRuntime.PhotonDomainManager - Initialize: ApplicationName = 'DefaultDomain', DomainID = '1'
2013-03-05 21:28:05,847 [ 1] INFO  PhotonHostRuntime.PhotonDomainManager - AppDomains with unhandled exceptions are usually not unloaded and restarted.
2013-03-05 21:28:05,852 [ 1] INFO  PhotonHostRuntime.PhotonDomainManager - Getting license information:
2013-03-05 21:28:06,683 [ 1] INFO  PhotonHostRuntime.PhotonLicensing - LICENSE: Expiration: never; floating license: yes; max connections: 100; valid IPs: any
2013-03-05 21:28:07,887 [ 1] INFO  PhotonHostRuntime.PhotonDomainManager - CreateAppDomain: name = 'Lite' , assemblyName = 'Lite'
2013-03-05 21:28:07,890 [ 1] INFO  PhotonHostRuntime.PhotonDomainManager -   ApplicationBase = 'D:\Data\Projects\Testing\DawnOnline\PhotonServer32\deploy'
2013-03-05 21:28:07,893 [ 1] INFO  PhotonHostRuntime.PhotonDomainManager -   PrivateBinPath = 'D:\Data\Projects\Testing\DawnOnline\PhotonServer32\deploy\Lite\bin;bin_Win32;Shared;'
2013-03-05 21:28:07,896 [ 1] INFO  PhotonHostRuntime.PhotonDomainManager -   ConfigurationFile = 'D:\Data\Projects\Testing\DawnOnline\PhotonServer32\deploy\Lite\bin\Lite.dll.config'
2013-03-05 21:28:07,898 [ 1] INFO  PhotonHostRuntime.PhotonDomainManager -   CachePath = 'D:\Data\Projects\Testing\DawnOnline\PhotonServer32\deploy\Lite\bin\Cache'
2013-03-05 21:28:08,051 [ 1] INFO  PhotonHostRuntime.PhotonDomainManager -   ApplicationPath = 'D:\Data\Projects\Testing\DawnOnline\PhotonServer32\deploy\Lite'
2013-03-05 21:28:08,054 [ 1] INFO  PhotonHostRuntime.PhotonDomainManager -   BinaryPath = 'D:\Data\Projects\Testing\DawnOnline\PhotonServer32\deploy\Lite\bin'
2013-03-05 21:28:08,057 [ 1] INFO  PhotonHostRuntime.PhotonDomainManager -   ApplicationRootPath = 'D:\Data\Projects\Testing\DawnOnline\PhotonServer32\deploy'
2013-03-05 21:28:08,060 [ 1] INFO  PhotonHostRuntime.PhotonDomainManager -   UnmanagedLogPath = 'D:\Data\Projects\Testing\DawnOnline\PhotonServer32\deploy\bin_Win32\log'
2013-03-05 21:28:08,096 [ 1] INFO  PhotonHostRuntime.PhotonDomainManager - AssemblyLoadEvent: Lite, Version=3.2.10.4248, Culture=neutral, PublicKeyToken=null from file:///D:/Data/Projects/Testing/DawnOnline/PhotonServer32/deploy/Lite/bin/Lite.DLL
2013-03-05 21:28:08,099 [ 1] INFO  PhotonHostRuntime.PhotonDomainManager - Photon SDK:3.2.10.4248
2013-03-05 21:28:08,141 [ 1] INFO  PhotonHostRuntime.PhotonDomainManager - AssemblyLoadEvent: Photon.SocketServer, Version=3.2.10.4248, Culture=neutral, PublicKeyToken=48c2fa3b6988090e from file:///D:/Data/Projects/Testing/DawnOnline/PhotonServer32/deploy/Lite/bin/Photon.SocketServer.DLL
2013-03-05 21:28:08,176 [ 1] INFO  PhotonHostRuntime.PhotonDomainManager - AssemblyLoadEvent: ExitGamesLibs, Version=0.9.9.5, Culture=neutral, PublicKeyToken=eac0edd9746a4aa0 from file:///D:/Data/Projects/Testing/DawnOnline/PhotonServer32/deploy/Lite/bin/ExitGamesLibs.DLL
2013-03-05 21:28:08,194 [ 1] INFO  PhotonHostRuntime.PhotonDomainManager - AssemblyLoadEvent: System.Core, Version=4.0.0.0, Culture=neutral, PublicKeyToken=b77a5c561934e089 from file:///C:/Windows/Microsoft.Net/assembly/GAC_MSIL/System.Core/v4.0_4.0.0.0__b77a5c561934e089/System.Core.dll
2013-03-05 21:28:08,199 [ 1] INFO  PhotonHostRuntime.PhotonDomainManager - Starting: name = 'Lite', assemblyName = 'Lite', typeName = 'Lite.LiteApplication'
2013-03-05 21:28:08,208 [ 1] INFO  PhotonHostRuntime.PhotonDomainManager - CreateAppDomain: name = 'LiteLobby' , assemblyName = 'LiteLobby'
2013-03-05 21:28:08,211 [ 1] INFO  PhotonHostRuntime.PhotonDomainManager -   ApplicationBase = 'D:\Data\Projects\Testing\DawnOnline\PhotonServer32\deploy'
2013-03-05 21:28:08,213 [ 1] INFO  PhotonHostRuntime.PhotonDomainManager -   PrivateBinPath = 'D:\Data\Projects\Testing\DawnOnline\PhotonServer32\deploy\LiteLobby\bin;bin_Win32;Shared;'
2013-03-05 21:28:08,216 [ 1] INFO  PhotonHostRuntime.PhotonDomainManager -   ConfigurationFile = 'D:\Data\Projects\Testing\DawnOnline\PhotonServer32\deploy\LiteLobby\bin\LiteLobby.dll.config'
2013-03-05 21:28:08,218 [ 1] INFO  PhotonHostRuntime.PhotonDomainManager -   CachePath = 'D:\Data\Projects\Testing\DawnOnline\PhotonServer32\deploy\LiteLobby\bin\Cache'
2013-03-05 21:28:08,367 [ 1] INFO  PhotonHostRuntime.PhotonDomainManager -   ApplicationPath = 'D:\Data\Projects\Testing\DawnOnline\PhotonServer32\deploy\LiteLobby'
2013-03-05 21:28:08,370 [ 1] INFO  PhotonHostRuntime.PhotonDomainManager -   BinaryPath = 'D:\Data\Projects\Testing\DawnOnline\PhotonServer32\deploy\LiteLobby\bin'
2013-03-05 21:28:08,373 [ 1] INFO  PhotonHostRuntime.PhotonDomainManager -   ApplicationRootPath = 'D:\Data\Projects\Testing\DawnOnline\PhotonServer32\deploy'
2013-03-05 21:28:08,376 [ 1] INFO  PhotonHostRuntime.PhotonDomainManager -   UnmanagedLogPath = 'D:\Data\Projects\Testing\DawnOnline\PhotonServer32\deploy\bin_Win32\log'
2013-03-05 21:28:08,407 [ 1] INFO  PhotonHostRuntime.PhotonDomainManager - AssemblyLoadEvent: LiteLobby, Version=3.2.10.4248, Culture=neutral, PublicKeyToken=null from file:///D:/Data/Projects/Testing/DawnOnline/PhotonServer32/deploy/LiteLobby/bin/LiteLobby.DLL
2013-03-05 21:28:08,410 [ 1] INFO  PhotonHostRuntime.PhotonDomainManager - Photon SDK:3.2.10.4248
2013-03-05 21:28:08,438 [ 1] INFO  PhotonHostRuntime.PhotonDomainManager - AssemblyLoadEvent: Lite, Version=3.2.10.4248, Culture=neutral, PublicKeyToken=null from file:///D:/Data/Projects/Testing/DawnOnline/PhotonServer32/deploy/LiteLobby/bin/Lite.DLL
2013-03-05 21:28:08,477 [ 1] INFO  PhotonHostRuntime.PhotonDomainManager - AssemblyLoadEvent: Photon.SocketServer, Version=3.2.10.4248, Culture=neutral, PublicKeyToken=48c2fa3b6988090e from file:///D:/Data/Projects/Testing/DawnOnline/PhotonServer32/deploy/LiteLobby/bin/Photon.SocketServer.DLL
2013-03-05 21:28:08,513 [ 1] INFO  PhotonHostRuntime.PhotonDomainManager - AssemblyLoadEvent: ExitGamesLibs, Version=0.9.9.5, Culture=neutral, PublicKeyToken=eac0edd9746a4aa0 from file:///D:/Data/Projects/Testing/DawnOnline/PhotonServer32/deploy/LiteLobby/bin/ExitGamesLibs.DLL
2013-03-05 21:28:08,531 [ 1] INFO  PhotonHostRuntime.PhotonDomainManager - AssemblyLoadEvent: System.Core, Version=4.0.0.0, Culture=neutral, PublicKeyToken=b77a5c561934e089 from file:///C:/Windows/Microsoft.Net/assembly/GAC_MSIL/System.Core/v4.0_4.0.0.0__b77a5c561934e089/System.Core.dll
2013-03-05 21:28:08,537 [ 1] INFO  PhotonHostRuntime.PhotonDomainManager - Starting: name = 'LiteLobby', assemblyName = 'LiteLobby', typeName = 'LiteLobby.LiteLobbyApplication'
2013-03-05 21:28:08,545 [ 1] INFO  PhotonHostRuntime.PhotonDomainManager - CreateAppDomain: name = 'MmoDemo' , assemblyName = 'Photon.MmoDemo.Server'
2013-03-05 21:28:08,548 [ 1] INFO  PhotonHostRuntime.PhotonDomainManager -   ApplicationBase = 'D:\Data\Projects\Testing\DawnOnline\PhotonServer32\deploy'
2013-03-05 21:28:08,550 [ 1] INFO  PhotonHostRuntime.PhotonDomainManager -   PrivateBinPath = 'D:\Data\Projects\Testing\DawnOnline\PhotonServer32\deploy\MmoDemo\bin;bin_Win32;Shared;'
2013-03-05 21:28:08,552 [ 1] INFO  PhotonHostRuntime.PhotonDomainManager -   ConfigurationFile = ''
2013-03-05 21:28:08,555 [ 1] INFO  PhotonHostRuntime.PhotonDomainManager -   CachePath = 'D:\Data\Projects\Testing\DawnOnline\PhotonServer32\deploy\MmoDemo\bin\Cache'
2013-03-05 21:28:08,700 [ 1] INFO  PhotonHostRuntime.PhotonDomainManager -   ApplicationPath = 'D:\Data\Projects\Testing\DawnOnline\PhotonServer32\deploy\MmoDemo'
2013-03-05 21:28:08,703 [ 1] INFO  PhotonHostRuntime.PhotonDomainManager -   BinaryPath = 'D:\Data\Projects\Testing\DawnOnline\PhotonServer32\deploy\MmoDemo\bin'
2013-03-05 21:28:08,705 [ 1] INFO  PhotonHostRuntime.PhotonDomainManager -   ApplicationRootPath = 'D:\Data\Projects\Testing\DawnOnline\PhotonServer32\deploy'
2013-03-05 21:28:08,708 [ 1] INFO  PhotonHostRuntime.PhotonDomainManager -   UnmanagedLogPath = 'D:\Data\Projects\Testing\DawnOnline\PhotonServer32\deploy\bin_Win32\log'
2013-03-05 21:28:08,744 [ 1] INFO  PhotonHostRuntime.PhotonDomainManager - AssemblyLoadEvent: Photon.MmoDemo.Server, Version=3.2.10.4248, Culture=neutral, PublicKeyToken=null from file:///D:/Data/Projects/Testing/DawnOnline/PhotonServer32/deploy/MmoDemo/bin/Photon.MmoDemo.Server.DLL
2013-03-05 21:28:08,747 [ 1] INFO  PhotonHostRuntime.PhotonDomainManager - Photon SDK:3.2.10.4248
2013-03-05 21:28:08,785 [ 1] INFO  PhotonHostRuntime.PhotonDomainManager - AssemblyLoadEvent: Photon.SocketServer, Version=3.2.10.4248, Culture=neutral, PublicKeyToken=48c2fa3b6988090e from file:///D:/Data/Projects/Testing/DawnOnline/PhotonServer32/deploy/MmoDemo/bin/Photon.SocketServer.DLL
2013-03-05 21:28:08,820 [ 1] INFO  PhotonHostRuntime.PhotonDomainManager - AssemblyLoadEvent: ExitGamesLibs, Version=0.9.9.5, Culture=neutral, PublicKeyToken=eac0edd9746a4aa0 from file:///D:/Data/Projects/Testing/DawnOnline/PhotonServer32/deploy/MmoDemo/bin/ExitGamesLibs.DLL
2013-03-05 21:28:08,838 [ 1] INFO  PhotonHostRuntime.PhotonDomainManager - AssemblyLoadEvent: System.Core, Version=4.0.0.0, Culture=neutral, PublicKeyToken=b77a5c561934e089 from file:///C:/Windows/Microsoft.Net/assembly/GAC_MSIL/System.Core/v4.0_4.0.0.0__b77a5c561934e089/System.Core.dll
2013-03-05 21:28:08,845 [ 1] INFO  PhotonHostRuntime.PhotonDomainManager - Starting: name = 'MmoDemo', assemblyName = 'Photon.MmoDemo.Server', typeName = 'Photon.MmoDemo.Server.PhotonApplication'
2013-03-05 21:28:08,854 [ 1] INFO  PhotonHostRuntime.PhotonDomainManager - CreateAppDomain: name = 'CounterPublisher' , assemblyName = 'CounterPublisher'
2013-03-05 21:28:08,857 [ 1] INFO  PhotonHostRuntime.PhotonDomainManager -   ApplicationBase = 'D:\Data\Projects\Testing\DawnOnline\PhotonServer32\deploy'
2013-03-05 21:28:08,859 [ 1] INFO  PhotonHostRuntime.PhotonDomainManager -   PrivateBinPath = 'D:\Data\Projects\Testing\DawnOnline\PhotonServer32\deploy\CounterPublisher\bin;bin_Win32;Shared;'
2013-03-05 21:28:08,861 [ 1] INFO  PhotonHostRuntime.PhotonDomainManager -   ConfigurationFile = 'D:\Data\Projects\Testing\DawnOnline\PhotonServer32\deploy\CounterPublisher\bin\CounterPublisher.dll.config'
2013-03-05 21:28:08,864 [ 1] INFO  PhotonHostRuntime.PhotonDomainManager -   CachePath = 'D:\Data\Projects\Testing\DawnOnline\PhotonServer32\deploy\CounterPublisher\bin\Cache'
2013-03-05 21:28:09,010 [ 1] INFO  PhotonHostRuntime.PhotonDomainManager -   ApplicationPath = 'D:\Data\Projects\Testing\DawnOnline\PhotonServer32\deploy\CounterPublisher'
2013-03-05 21:28:09,013 [ 1] INFO  PhotonHostRuntime.PhotonDomainManager -   BinaryPath = 'D:\Data\Projects\Testing\DawnOnline\PhotonServer32\deploy\CounterPublisher\bin'
2013-03-05 21:28:09,015 [ 1] INFO  PhotonHostRuntime.PhotonDomainManager -   ApplicationRootPath = 'D:\Data\Projects\Testing\DawnOnline\PhotonServer32\deploy'
2013-03-05 21:28:09,018 [ 1] INFO  PhotonHostRuntime.PhotonDomainManager -   UnmanagedLogPath = 'D:\Data\Projects\Testing\DawnOnline\PhotonServer32\deploy\bin_Win32\log'
2013-03-05 21:28:09,053 [ 1] INFO  PhotonHostRuntime.PhotonDomainManager - AssemblyLoadEvent: CounterPublisher, Version=3.2.10.4248, Culture=neutral, PublicKeyToken=null from file:///D:/Data/Projects/Testing/DawnOnline/PhotonServer32/deploy/CounterPublisher/bin/CounterPublisher.DLL
2013-03-05 21:28:09,056 [ 1] INFO  PhotonHostRuntime.PhotonDomainManager - Photon SDK:3.2.10.4248
2013-03-05 21:28:09,093 [ 1] INFO  PhotonHostRuntime.PhotonDomainManager - AssemblyLoadEvent: Photon.SocketServer, Version=3.2.10.4248, Culture=neutral, PublicKeyToken=48c2fa3b6988090e from file:///D:/Data/Projects/Testing/DawnOnline/PhotonServer32/deploy/CounterPublisher/bin/Photon.SocketServer.DLL
2013-03-05 21:28:09,128 [ 1] INFO  PhotonHostRuntime.PhotonDomainManager - AssemblyLoadEvent: ExitGamesLibs, Version=0.9.9.5, Culture=neutral, PublicKeyToken=eac0edd9746a4aa0 from file:///D:/Data/Projects/Testing/DawnOnline/PhotonServer32/deploy/CounterPublisher/bin/ExitGamesLibs.DLL
2013-03-05 21:28:09,149 [ 1] INFO  PhotonHostRuntime.PhotonDomainManager - AssemblyLoadEvent: System.Core, Version=4.0.0.0, Culture=neutral, PublicKeyToken=b77a5c561934e089 from file:///C:/Windows/Microsoft.Net/assembly/GAC_MSIL/System.Core/v4.0_4.0.0.0__b77a5c561934e089/System.Core.dll
2013-03-05 21:28:09,154 [ 1] INFO  PhotonHostRuntime.PhotonDomainManager - Starting: name = 'CounterPublisher', assemblyName = 'CounterPublisher', typeName = 'Photon.CounterPublisher.Application'
2013-03-05 21:28:09,160 [ 1] INFO  PhotonHostRuntime.PhotonDomainManager - CreateAppDomain: name = 'Policy' , assemblyName = 'Policy.Application'
2013-03-05 21:28:09,163 [ 1] INFO  PhotonHostRuntime.PhotonDomainManager -   ApplicationBase = 'D:\Data\Projects\Testing\DawnOnline\PhotonServer32\deploy'
2013-03-05 21:28:09,165 [ 1] INFO  PhotonHostRuntime.PhotonDomainManager -   PrivateBinPath = 'D:\Data\Projects\Testing\DawnOnline\PhotonServer32\deploy\Policy\bin;bin_Win32;Shared;'
2013-03-05 21:28:09,168 [ 1] INFO  PhotonHostRuntime.PhotonDomainManager -   ConfigurationFile = ''
2013-03-05 21:28:09,170 [ 1] INFO  PhotonHostRuntime.PhotonDomainManager -   CachePath = ''
2013-03-05 21:28:09,260 [ 1] INFO  PhotonHostRuntime.PhotonDomainManager -   ApplicationPath = 'D:\Data\Projects\Testing\DawnOnline\PhotonServer32\deploy\Policy'
2013-03-05 21:28:09,263 [ 1] INFO  PhotonHostRuntime.PhotonDomainManager -   BinaryPath = 'D:\Data\Projects\Testing\DawnOnline\PhotonServer32\deploy\Policy\bin'
2013-03-05 21:28:09,265 [ 1] INFO  PhotonHostRuntime.PhotonDomainManager -   ApplicationRootPath = 'D:\Data\Projects\Testing\DawnOnline\PhotonServer32\deploy'
2013-03-05 21:28:09,268 [ 1] INFO  PhotonHostRuntime.PhotonDomainManager -   UnmanagedLogPath = 'D:\Data\Projects\Testing\DawnOnline\PhotonServer32\deploy\bin_Win32\log'
2013-03-05 21:28:09,283 [ 1] INFO  PhotonHostRuntime.PhotonDomainManager - AssemblyLoadEvent: Policy.Application, Version=3.2.10.4248, Culture=neutral, PublicKeyToken=null from file:///D:/Data/Projects/Testing/DawnOnline/PhotonServer32/deploy/Policy/bin/Policy.Application.DLL
2013-03-05 21:28:09,287 [ 1] INFO  PhotonHostRuntime.PhotonDomainManager - Starting: name = 'Policy', assemblyName = 'Policy.Application', typeName = 'Exitgames.Realtime.Policy.Application.Policy'
2013-03-05 21:28:09,488 [ 1] INFO  PhotonHostRuntime.PhotonDomainManager - PhotonRunning: ApplicationName = 'CounterPublisher', DomainId='5' -- calling Application.Setup
2013-03-05 21:28:09,515 [ 1] INFO  PhotonHostRuntime.PhotonDomainManager - AssemblyLoadEvent: ExitGames.Logging.Log4Net, Version=0.9.9.5, Culture=neutral, PublicKeyToken=eac0edd9746a4aa0 from file:///D:/Data/Projects/Testing/DawnOnline/PhotonServer32/deploy/CounterPublisher/bin/ExitGames.Logging.Log4Net.DLL
2013-03-05 21:28:12,024 [ 1] INFO  PhotonHostRuntime.PhotonDomainManager - PhotonRunning: ApplicationName = 'Lite', DomainId='2' -- calling Application.Setup
2013-03-05 21:28:12,041 [ 1] INFO  PhotonHostRuntime.PhotonDomainManager - AssemblyLoadEvent: ExitGames.Logging.Log4Net, Version=0.9.9.5, Culture=neutral, PublicKeyToken=eac0edd9746a4aa0 from file:///D:/Data/Projects/Testing/DawnOnline/PhotonServer32/deploy/Lite/bin/ExitGames.Logging.Log4Net.DLL
2013-03-05 21:28:12,197 [ 1] INFO  PhotonHostRuntime.PhotonDomainManager - PhotonRunning: ApplicationName = 'LiteLobby', DomainId='3' -- calling Application.Setup
2013-03-05 21:28:12,216 [ 1] INFO  PhotonHostRuntime.PhotonDomainManager - AssemblyLoadEvent: ExitGames.Logging.Log4Net, Version=0.9.9.5, Culture=neutral, PublicKeyToken=eac0edd9746a4aa0 from file:///D:/Data/Projects/Testing/DawnOnline/PhotonServer32/deploy/LiteLobby/bin/ExitGames.Logging.Log4Net.DLL
2013-03-05 21:28:12,374 [ 1] INFO  PhotonHostRuntime.PhotonDomainManager - PhotonRunning: ApplicationName = 'MmoDemo', DomainId='4' -- calling Application.Setup
2013-03-05 21:28:12,394 [ 1] INFO  PhotonHostRuntime.PhotonDomainManager - AssemblyLoadEvent: ExitGames.Logging.Log4Net, Version=0.9.9.5, Culture=neutral, PublicKeyToken=eac0edd9746a4aa0 from file:///D:/Data/Projects/Testing/DawnOnline/PhotonServer32/deploy/MmoDemo/bin/ExitGames.Logging.Log4Net.DLL
2013-03-05 21:28:13,417 [ 1] INFO  PhotonHostRuntime.PhotonDomainManager - PhotonRunning: ApplicationName = 'Policy', DomainId='6' -- calling Application.Setup
2013-03-05 21:28:13,524 [ 1] INFO  PhotonHostRuntime.PhotonDomainManager - PhotonRunning: ApplicationName = 'DefaultDomain', DomainId='1'
2013-03-05 21:28:43,365 [ 1] INFO  PhotonHostRuntime.PhotonDomainManager - Initialize: ApplicationName = 'DefaultDomain', DomainID = '1'
2013-03-05 21:28:43,381 [ 1] INFO  PhotonHostRuntime.PhotonDomainManager - AppDomains with unhandled exceptions are usually not unloaded and restarted.
2013-03-05 21:28:43,386 [ 1] INFO  PhotonHostRuntime.PhotonDomainManager - Getting license information:
2013-03-05 21:28:44,225 [ 1] INFO  PhotonHostRuntime.PhotonLicensing - LICENSE: Expiration: never; floating license: yes; max connections: 100; valid IPs: any
2013-03-05 21:28:45,412 [ 1] INFO  PhotonHostRuntime.PhotonDomainManager - CreateAppDomain: name = 'Lite' , assemblyName = 'Lite'
2013-03-05 21:28:45,415 [ 1] INFO  PhotonHostRuntime.PhotonDomainManager -   ApplicationBase = 'D:\Data\Projects\Testing\DawnOnline\PhotonServer32\deploy'
2013-03-05 21:28:45,417 [ 1] INFO  PhotonHostRuntime.PhotonDomainManager -   PrivateBinPath = 'D:\Data\Projects\Testing\DawnOnline\PhotonServer32\deploy\Lite\bin;bin_Win32;Shared;'
2013-03-05 21:28:45,421 [ 1] INFO  PhotonHostRuntime.PhotonDomainManager -   ConfigurationFile = 'D:\Data\Projects\Testing\DawnOnline\PhotonServer32\deploy\Lite\bin\Lite.dll.config'
2013-03-05 21:28:45,424 [ 1] INFO  PhotonHostRuntime.PhotonDomainManager -   CachePath = 'D:\Data\Projects\Testing\DawnOnline\PhotonServer32\deploy\Lite\bin\Cache'
2013-03-05 21:28:45,599 [ 1] INFO  PhotonHostRuntime.PhotonDomainManager -   ApplicationPath = 'D:\Data\Projects\Testing\DawnOnline\PhotonServer32\deploy\Lite'
2013-03-05 21:28:45,602 [ 1] INFO  PhotonHostRuntime.PhotonDomainManager -   BinaryPath = 'D:\Data\Projects\Testing\DawnOnline\PhotonServer32\deploy\Lite\bin'
2013-03-05 21:28:45,605 [ 1] INFO  PhotonHostRuntime.PhotonDomainManager -   ApplicationRootPath = 'D:\Data\Projects\Testing\DawnOnline\PhotonServer32\deploy'
2013-03-05 21:28:45,607 [ 1] INFO  PhotonHostRuntime.PhotonDomainManager -   UnmanagedLogPath = 'D:\Data\Projects\Testing\DawnOnline\PhotonServer32\deploy\bin_Win32\log'
2013-03-05 21:28:45,650 [ 1] INFO  PhotonHostRuntime.PhotonDomainManager - AssemblyLoadEvent: Lite, Version=3.2.10.4248, Culture=neutral, PublicKeyToken=null from file:///D:/Data/Projects/Testing/DawnOnline/PhotonServer32/deploy/Lite/bin/Lite.DLL
2013-03-05 21:28:45,653 [ 1] INFO  PhotonHostRuntime.PhotonDomainManager - Photon SDK:3.2.10.4248
2013-03-05 21:28:45,692 [ 1] INFO  PhotonHostRuntime.PhotonDomainManager - AssemblyLoadEvent: Photon.SocketServer, Version=3.2.10.4248, Culture=neutral, PublicKeyToken=48c2fa3b6988090e from file:///D:/Data/Projects/Testing/DawnOnline/PhotonServer32/deploy/Lite/bin/Photon.SocketServer.DLL
2013-03-05 21:28:45,727 [ 1] INFO  PhotonHostRuntime.PhotonDomainManager - AssemblyLoadEvent: ExitGamesLibs, Version=0.9.9.5, Culture=neutral, PublicKeyToken=eac0edd9746a4aa0 from file:///D:/Data/Projects/Testing/DawnOnline/PhotonServer32/deploy/Lite/bin/ExitGamesLibs.DLL
2013-03-05 21:28:45,744 [ 1] INFO  PhotonHostRuntime.PhotonDomainManager - AssemblyLoadEvent: System.Core, Version=4.0.0.0, Culture=neutral, PublicKeyToken=b77a5c561934e089 from file:///C:/Windows/Microsoft.Net/assembly/GAC_MSIL/System.Core/v4.0_4.0.0.0__b77a5c561934e089/System.Core.dll
2013-03-05 21:28:45,749 [ 1] INFO  PhotonHostRuntime.PhotonDomainManager - Starting: name = 'Lite', assemblyName = 'Lite', typeName = 'Lite.LiteApplication'
2013-03-05 21:28:45,758 [ 1] INFO  PhotonHostRuntime.PhotonDomainManager - CreateAppDomain: name = 'LiteLobby' , assemblyName = 'LiteLobby'
2013-03-05 21:28:45,761 [ 1] INFO  PhotonHostRuntime.PhotonDomainManager -   ApplicationBase = 'D:\Data\Projects\Testing\DawnOnline\PhotonServer32\deploy'
2013-03-05 21:28:45,763 [ 1] INFO  PhotonHostRuntime.PhotonDomainManager -   PrivateBinPath = 'D:\Data\Projects\Testing\DawnOnline\PhotonServer32\deploy\LiteLobby\bin;bin_Win32;Shared;'
2013-03-05 21:28:45,766 [ 1] INFO  PhotonHostRuntime.PhotonDomainManager -   ConfigurationFile = 'D:\Data\Projects\Testing\DawnOnline\PhotonServer32\deploy\LiteLobby\bin\LiteLobby.dll.config'
2013-03-05 21:28:45,768 [ 1] INFO  PhotonHostRuntime.PhotonDomainManager -   CachePath = 'D:\Data\Projects\Testing\DawnOnline\PhotonServer32\deploy\LiteLobby\bin\Cache'
2013-03-05 21:28:45,917 [ 1] INFO  PhotonHostRuntime.PhotonDomainManager -   ApplicationPath = 'D:\Data\Projects\Testing\DawnOnline\PhotonServer32\deploy\LiteLobby'
2013-03-05 21:28:45,920 [ 1] INFO  PhotonHostRuntime.PhotonDomainManager -   BinaryPath = 'D:\Data\Projects\Testing\DawnOnline\PhotonServer32\deploy\LiteLobby\bin'
2013-03-05 21:28:45,923 [ 1] INFO  PhotonHostRuntime.PhotonDomainManager -   ApplicationRootPath = 'D:\Data\Projects\Testing\DawnOnline\PhotonServer32\deploy'
2013-03-05 21:28:45,926 [ 1] INFO  PhotonHostRuntime.PhotonDomainManager -   UnmanagedLogPath = 'D:\Data\Projects\Testing\DawnOnline\PhotonServer32\deploy\bin_Win32\log'
2013-03-05 21:28:45,959 [ 1] INFO  PhotonHostRuntime.PhotonDomainManager - AssemblyLoadEvent: LiteLobby, Version=3.2.10.4248, Culture=neutral, PublicKeyToken=null from file:///D:/Data/Projects/Testing/DawnOnline/PhotonServer32/deploy/LiteLobby/bin/LiteLobby.DLL
2013-03-05 21:28:45,962 [ 1] INFO  PhotonHostRuntime.PhotonDomainManager - Photon SDK:3.2.10.4248
2013-03-05 21:28:45,989 [ 1] INFO  PhotonHostRuntime.PhotonDomainManager - AssemblyLoadEvent: Lite, Version=3.2.10.4248, Culture=neutral, PublicKeyToken=null from file:///D:/Data/Projects/Testing/DawnOnline/PhotonServer32/deploy/LiteLobby/bin/Lite.DLL
2013-03-05 21:28:46,027 [ 1] INFO  PhotonHostRuntime.PhotonDomainManager - AssemblyLoadEvent: Photon.SocketServer, Version=3.2.10.4248, Culture=neutral, PublicKeyToken=48c2fa3b6988090e from file:///D:/Data/Projects/Testing/DawnOnline/PhotonServer32/deploy/LiteLobby/bin/Photon.SocketServer.DLL
2013-03-05 21:28:46,063 [ 1] INFO  PhotonHostRuntime.PhotonDomainManager - AssemblyLoadEvent: ExitGamesLibs, Version=0.9.9.5, Culture=neutral, PublicKeyToken=eac0edd9746a4aa0 from file:///D:/Data/Projects/Testing/DawnOnline/PhotonServer32/deploy/LiteLobby/bin/ExitGamesLibs.DLL
2013-03-05 21:28:46,080 [ 1] INFO  PhotonHostRuntime.PhotonDomainManager - AssemblyLoadEvent: System.Core, Version=4.0.0.0, Culture=neutral, PublicKeyToken=b77a5c561934e089 from file:///C:/Windows/Microsoft.Net/assembly/GAC_MSIL/System.Core/v4.0_4.0.0.0__b77a5c561934e089/System.Core.dll
2013-03-05 21:28:46,085 [ 1] INFO  PhotonHostRuntime.PhotonDomainManager - Starting: name = 'LiteLobby', assemblyName = 'LiteLobby', typeName = 'LiteLobby.LiteLobbyApplication'
2013-03-05 21:28:46,094 [ 1] INFO  PhotonHostRuntime.PhotonDomainManager - CreateAppDomain: name = 'MmoDemo' , assemblyName = 'Photon.MmoDemo.Server'
2013-03-05 21:28:46,096 [ 1] INFO  PhotonHostRuntime.PhotonDomainManager -   ApplicationBase = 'D:\Data\Projects\Testing\DawnOnline\PhotonServer32\deploy'
2013-03-05 21:28:46,099 [ 1] INFO  PhotonHostRuntime.PhotonDomainManager -   PrivateBinPath = 'D:\Data\Projects\Testing\DawnOnline\PhotonServer32\deploy\MmoDemo\bin;bin_Win32;Shared;'
2013-03-05 21:28:46,101 [ 1] INFO  PhotonHostRuntime.PhotonDomainManager -   ConfigurationFile = ''
2013-03-05 21:28:46,103 [ 1] INFO  PhotonHostRuntime.PhotonDomainManager -   CachePath = 'D:\Data\Projects\Testing\DawnOnline\PhotonServer32\deploy\MmoDemo\bin\Cache'
2013-03-05 21:28:46,252 [ 1] INFO  PhotonHostRuntime.PhotonDomainManager -   ApplicationPath = 'D:\Data\Projects\Testing\DawnOnline\PhotonServer32\deploy\MmoDemo'
2013-03-05 21:28:46,255 [ 1] INFO  PhotonHostRuntime.PhotonDomainManager -   BinaryPath = 'D:\Data\Projects\Testing\DawnOnline\PhotonServer32\deploy\MmoDemo\bin'
2013-03-05 21:28:46,257 [ 1] INFO  PhotonHostRuntime.PhotonDomainManager -   ApplicationRootPath = 'D:\Data\Projects\Testing\DawnOnline\PhotonServer32\deploy'
2013-03-05 21:28:46,260 [ 1] INFO  PhotonHostRuntime.PhotonDomainManager -   UnmanagedLogPath = 'D:\Data\Projects\Testing\DawnOnline\PhotonServer32\deploy\bin_Win32\log'
2013-03-05 21:28:46,296 [ 1] INFO  PhotonHostRuntime.PhotonDomainManager - AssemblyLoadEvent: Photon.MmoDemo.Server, Version=3.2.10.4248, Culture=neutral, PublicKeyToken=null from file:///D:/Data/Projects/Testing/DawnOnline/PhotonServer32/deploy/MmoDemo/bin/Photon.MmoDemo.Server.DLL
2013-03-05 21:28:46,299 [ 1] INFO  PhotonHostRuntime.PhotonDomainManager - Photon SDK:3.2.10.4248
2013-03-05 21:28:46,337 [ 1] INFO  PhotonHostRuntime.PhotonDomainManager - AssemblyLoadEvent: Photon.SocketServer, Version=3.2.10.4248, Culture=neutral, PublicKeyToken=48c2fa3b6988090e from file:///D:/Data/Projects/Testing/DawnOnline/PhotonServer32/deploy/MmoDemo/bin/Photon.SocketServer.DLL
2013-03-05 21:28:46,372 [ 1] INFO  PhotonHostRuntime.PhotonDomainManager - AssemblyLoadEvent: ExitGamesLibs, Version=0.9.9.5, Culture=neutral, PublicKeyToken=eac0edd9746a4aa0 from file:///D:/Data/Projects/Testing/DawnOnline/PhotonServer32/deploy/MmoDemo/bin/ExitGamesLibs.DLL
2013-03-05 21:28:46,389 [ 1] INFO  PhotonHostRuntime.PhotonDomainManager - AssemblyLoadEvent: System.Core, Version=4.0.0.0, Culture=neutral, PublicKeyToken=b77a5c561934e089 from file:///C:/Windows/Microsoft.Net/assembly/GAC_MSIL/System.Core/v4.0_4.0.0.0__b77a5c561934e089/System.Core.dll
2013-03-05 21:28:46,396 [ 1] INFO  PhotonHostRuntime.PhotonDomainManager - Starting: name = 'MmoDemo', assemblyName = 'Photon.MmoDemo.Server', typeName = 'Photon.MmoDemo.Server.PhotonApplication'
2013-03-05 21:28:46,405 [ 1] INFO  PhotonHostRuntime.PhotonDomainManager - CreateAppDomain: name = 'CounterPublisher' , assemblyName = 'CounterPublisher'
2013-03-05 21:28:46,408 [ 1] INFO  PhotonHostRuntime.PhotonDomainManager -   ApplicationBase = 'D:\Data\Projects\Testing\DawnOnline\PhotonServer32\deploy'
2013-03-05 21:28:46,410 [ 1] INFO  PhotonHostRuntime.PhotonDomainManager -   PrivateBinPath = 'D:\Data\Projects\Testing\DawnOnline\PhotonServer32\deploy\CounterPublisher\bin;bin_Win32;Shared;'
2013-03-05 21:28:46,412 [ 1] INFO  PhotonHostRuntime.PhotonDomainManager -   ConfigurationFile = 'D:\Data\Projects\Testing\DawnOnline\PhotonServer32\deploy\CounterPublisher\bin\CounterPublisher.dll.config'
2013-03-05 21:28:46,415 [ 1] INFO  PhotonHostRuntime.PhotonDomainManager -   CachePath = 'D:\Data\Projects\Testing\DawnOnline\PhotonServer32\deploy\CounterPublisher\bin\Cache'
2013-03-05 21:28:46,566 [ 1] INFO  PhotonHostRuntime.PhotonDomainManager -   ApplicationPath = 'D:\Data\Projects\Testing\DawnOnline\PhotonServer32\deploy\CounterPublisher'
2013-03-05 21:28:46,569 [ 1] INFO  PhotonHostRuntime.PhotonDomainManager -   BinaryPath = 'D:\Data\Projects\Testing\DawnOnline\PhotonServer32\deploy\CounterPublisher\bin'
2013-03-05 21:28:46,571 [ 1] INFO  PhotonHostRuntime.PhotonDomainManager -   ApplicationRootPath = 'D:\Data\Projects\Testing\DawnOnline\PhotonServer32\deploy'
2013-03-05 21:28:46,574 [ 1] INFO  PhotonHostRuntime.PhotonDomainManager -   UnmanagedLogPath = 'D:\Data\Projects\Testing\DawnOnline\PhotonServer32\deploy\bin_Win32\log'
2013-03-05 21:28:46,609 [ 1] INFO  PhotonHostRuntime.PhotonDomainManager - AssemblyLoadEvent: CounterPublisher, Version=3.2.10.4248, Culture=neutral, PublicKeyToken=null from file:///D:/Data/Projects/Testing/DawnOnline/PhotonServer32/deploy/CounterPublisher/bin/CounterPublisher.DLL
2013-03-05 21:28:46,612 [ 1] INFO  PhotonHostRuntime.PhotonDomainManager - Photon SDK:3.2.10.4248
2013-03-05 21:28:46,650 [ 1] INFO  PhotonHostRuntime.PhotonDomainManager - AssemblyLoadEvent: Photon.SocketServer, Version=3.2.10.4248, Culture=neutral, PublicKeyToken=48c2fa3b6988090e from file:///D:/Data/Projects/Testing/DawnOnline/PhotonServer32/deploy/CounterPublisher/bin/Photon.SocketServer.DLL
2013-03-05 21:28:46,685 [ 1] INFO  PhotonHostRuntime.PhotonDomainManager - AssemblyLoadEvent: ExitGamesLibs, Version=0.9.9.5, Culture=neutral, PublicKeyToken=eac0edd9746a4aa0 from file:///D:/Data/Projects/Testing/DawnOnline/PhotonServer32/deploy/CounterPublisher/bin/ExitGamesLibs.DLL
2013-03-05 21:28:46,704 [ 1] INFO  PhotonHostRuntime.PhotonDomainManager - AssemblyLoadEvent: System.Core, Version=4.0.0.0, Culture=neutral, PublicKeyToken=b77a5c561934e089 from file:///C:/Windows/Microsoft.Net/assembly/GAC_MSIL/System.Core/v4.0_4.0.0.0__b77a5c561934e089/System.Core.dll
2013-03-05 21:28:46,709 [ 1] INFO  PhotonHostRuntime.PhotonDomainManager - Starting: name = 'CounterPublisher', assemblyName = 'CounterPublisher', typeName = 'Photon.CounterPublisher.Application'
2013-03-05 21:28:46,716 [ 1] INFO  PhotonHostRuntime.PhotonDomainManager - CreateAppDomain: name = 'Policy' , assemblyName = 'Policy.Application'
2013-03-05 21:28:46,718 [ 1] INFO  PhotonHostRuntime.PhotonDomainManager -   ApplicationBase = 'D:\Data\Projects\Testing\DawnOnline\PhotonServer32\deploy'
2013-03-05 21:28:46,721 [ 1] INFO  PhotonHostRuntime.PhotonDomainManager -   PrivateBinPath = 'D:\Data\Projects\Testing\DawnOnline\PhotonServer32\deploy\Policy\bin;bin_Win32;Shared;'
2013-03-05 21:28:46,723 [ 1] INFO  PhotonHostRuntime.PhotonDomainManager -   ConfigurationFile = ''
2013-03-05 21:28:46,726 [ 1] INFO  PhotonHostRuntime.PhotonDomainManager -   CachePath = ''
2013-03-05 21:28:46,815 [ 1] INFO  PhotonHostRuntime.PhotonDomainManager -   ApplicationPath = 'D:\Data\Projects\Testing\DawnOnline\PhotonServer32\deploy\Policy'
2013-03-05 21:28:46,818 [ 1] INFO  PhotonHostRuntime.PhotonDomainManager -   BinaryPath = 'D:\Data\Projects\Testing\DawnOnline\PhotonServer32\deploy\Policy\bin'
2013-03-05 21:28:46,821 [ 1] INFO  PhotonHostRuntime.PhotonDomainManager -   ApplicationRootPath = 'D:\Data\Projects\Testing\DawnOnline\PhotonServer32\deploy'
2013-03-05 21:28:46,823 [ 1] INFO  PhotonHostRuntime.PhotonDomainManager -   UnmanagedLogPath = 'D:\Data\Projects\Testing\DawnOnline\PhotonServer32\deploy\bin_Win32\log'
2013-03-05 21:28:46,838 [ 1] INFO  PhotonHostRuntime.PhotonDomainManager - AssemblyLoadEvent: Policy.Application, Version=3.2.10.4248, Culture=neutral, PublicKeyToken=null from file:///D:/Data/Projects/Testing/DawnOnline/PhotonServer32/deploy/Policy/bin/Policy.Application.DLL
2013-03-05 21:28:46,842 [ 1] INFO  PhotonHostRuntime.PhotonDomainManager - Starting: name = 'Policy', assemblyName = 'Policy.Application', typeName = 'Exitgames.Realtime.Policy.Application.Policy'
2013-03-05 21:28:47,042 [ 1] INFO  PhotonHostRuntime.PhotonDomainManager - PhotonRunning: ApplicationName = 'CounterPublisher', DomainId='5' -- calling Application.Setup
2013-03-05 21:28:47,059 [ 1] INFO  PhotonHostRuntime.PhotonDomainManager - AssemblyLoadEvent: ExitGames.Logging.Log4Net, Version=0.9.9.5, Culture=neutral, PublicKeyToken=eac0edd9746a4aa0 from file:///D:/Data/Projects/Testing/DawnOnline/PhotonServer32/deploy/CounterPublisher/bin/ExitGames.Logging.Log4Net.DLL
2013-03-05 21:28:49,679 [ 1] INFO  PhotonHostRuntime.PhotonDomainManager - PhotonRunning: ApplicationName = 'Lite', DomainId='2' -- calling Application.Setup
2013-03-05 21:28:49,695 [ 1] INFO  PhotonHostRuntime.PhotonDomainManager - AssemblyLoadEvent: ExitGames.Logging.Log4Net, Version=0.9.9.5, Culture=neutral, PublicKeyToken=eac0edd9746a4aa0 from file:///D:/Data/Projects/Testing/DawnOnline/PhotonServer32/deploy/Lite/bin/ExitGames.Logging.Log4Net.DLL
2013-03-05 21:28:49,852 [ 1] INFO  PhotonHostRuntime.PhotonDomainManager - PhotonRunning: ApplicationName = 'LiteLobby', DomainId='3' -- calling Application.Setup
2013-03-05 21:28:49,872 [ 1] INFO  PhotonHostRuntime.PhotonDomainManager - AssemblyLoadEvent: ExitGames.Logging.Log4Net, Version=0.9.9.5, Culture=neutral, PublicKeyToken=eac0edd9746a4aa0 from file:///D:/Data/Projects/Testing/DawnOnline/PhotonServer32/deploy/LiteLobby/bin/ExitGames.Logging.Log4Net.DLL
2013-03-05 21:28:50,031 [ 1] INFO  PhotonHostRuntime.PhotonDomainManager - PhotonRunning: ApplicationName = 'MmoDemo', DomainId='4' -- calling Application.Setup
2013-03-05 21:28:50,054 [ 1] INFO  PhotonHostRuntime.PhotonDomainManager - AssemblyLoadEvent: ExitGames.Logging.Log4Net, Version=0.9.9.5, Culture=neutral, PublicKeyToken=eac0edd9746a4aa0 from file:///D:/Data/Projects/Testing/DawnOnline/PhotonServer32/deploy/MmoDemo/bin/ExitGames.Logging.Log4Net.DLL
2013-03-05 21:36:58,744 [ 1] INFO  PhotonHostRuntime.PhotonDomainManager - Initialize: ApplicationName = 'DefaultDomain', DomainID = '1'
2013-03-05 21:36:58,761 [ 1] INFO  PhotonHostRuntime.PhotonDomainManager - AppDomains with unhandled exceptions are usually not unloaded and restarted.
2013-03-05 21:36:58,765 [ 1] INFO  PhotonHostRuntime.PhotonDomainManager - Getting license information:
2013-03-05 21:36:59,598 [ 1] INFO  PhotonHostRuntime.PhotonLicensing - LICENSE: Expiration: never; floating license: yes; max connections: 100; valid IPs: any
2013-03-05 21:37:00,809 [ 1] INFO  PhotonHostRuntime.PhotonDomainManager - CreateAppDomain: name = 'Lite' , assemblyName = 'Lite'
2013-03-05 21:37:00,812 [ 1] INFO  PhotonHostRuntime.PhotonDomainManager -   ApplicationBase = 'D:\Data\Projects\Testing\DawnOnline\PhotonServer32\deploy'
2013-03-05 21:37:00,815 [ 1] INFO  PhotonHostRuntime.PhotonDomainManager -   PrivateBinPath = 'D:\Data\Projects\Testing\DawnOnline\PhotonServer32\deploy\Lite\bin;bin_Win32;Shared;'
2013-03-05 21:37:00,818 [ 1] INFO  PhotonHostRuntime.PhotonDomainManager -   ConfigurationFile = 'D:\Data\Projects\Testing\DawnOnline\PhotonServer32\deploy\Lite\bin\Lite.dll.config'
2013-03-05 21:37:00,820 [ 1] INFO  PhotonHostRuntime.PhotonDomainManager -   CachePath = 'D:\Data\Projects\Testing\DawnOnline\PhotonServer32\deploy\Lite\bin\Cache'
2013-03-05 21:37:00,973 [ 1] INFO  PhotonHostRuntime.PhotonDomainManager -   ApplicationPath = 'D:\Data\Projects\Testing\DawnOnline\PhotonServer32\deploy\Lite'
2013-03-05 21:37:00,976 [ 1] INFO  PhotonHostRuntime.PhotonDomainManager -   BinaryPath = 'D:\Data\Projects\Testing\DawnOnline\PhotonServer32\deploy\Lite\bin'
2013-03-05 21:37:00,979 [ 1] INFO  PhotonHostRuntime.PhotonDomainManager -   ApplicationRootPath = 'D:\Data\Projects\Testing\DawnOnline\PhotonServer32\deploy'
2013-03-05 21:37:00,981 [ 1] INFO  PhotonHostRuntime.PhotonDomainManager -   UnmanagedLogPath = 'D:\Data\Projects\Testing\DawnOnline\PhotonServer32\deploy\bin_Win32\log'
2013-03-05 21:37:01,016 [ 1] INFO  PhotonHostRuntime.PhotonDomainManager - AssemblyLoadEvent: Lite, Version=3.2.10.4248, Culture=neutral, PublicKeyToken=null from file:///D:/Data/Projects/Testing/DawnOnline/PhotonServer32/deploy/Lite/bin/Lite.DLL
2013-03-05 21:37:01,019 [ 1] INFO  PhotonHostRuntime.PhotonDomainManager - Photon SDK:3.2.10.4248
2013-03-05 21:37:01,059 [ 1] INFO  PhotonHostRuntime.PhotonDomainManager - AssemblyLoadEvent: Photon.SocketServer, Version=3.2.10.4248, Culture=neutral, PublicKeyToken=48c2fa3b6988090e from file:///D:/Data/Projects/Testing/DawnOnline/PhotonServer32/deploy/Lite/bin/Photon.SocketServer.DLL
2013-03-05 21:37:01,095 [ 1] INFO  PhotonHostRuntime.PhotonDomainManager - AssemblyLoadEvent: ExitGamesLibs, Version=0.9.9.5, Culture=neutral, PublicKeyToken=eac0edd9746a4aa0 from file:///D:/Data/Projects/Testing/DawnOnline/PhotonServer32/deploy/Lite/bin/ExitGamesLibs.DLL
2013-03-05 21:37:01,112 [ 1] INFO  PhotonHostRuntime.PhotonDomainManager - AssemblyLoadEvent: System.Core, Version=4.0.0.0, Culture=neutral, PublicKeyToken=b77a5c561934e089 from file:///C:/Windows/Microsoft.Net/assembly/GAC_MSIL/System.Core/v4.0_4.0.0.0__b77a5c561934e089/System.Core.dll
2013-03-05 21:37:01,118 [ 1] INFO  PhotonHostRuntime.PhotonDomainManager - Starting: name = 'Lite', assemblyName = 'Lite', typeName = 'Lite.LiteApplication'
2013-03-05 21:37:01,127 [ 1] INFO  PhotonHostRuntime.PhotonDomainManager - CreateAppDomain: name = 'LiteLobby' , assemblyName = 'LiteLobby'
2013-03-05 21:37:01,130 [ 1] INFO  PhotonHostRuntime.PhotonDomainManager -   ApplicationBase = 'D:\Data\Projects\Testing\DawnOnline\PhotonServer32\deploy'
2013-03-05 21:37:01,132 [ 1] INFO  PhotonHostRuntime.PhotonDomainManager -   PrivateBinPath = 'D:\Data\Projects\Testing\DawnOnline\PhotonServer32\deploy\LiteLobby\bin;bin_Win32;Shared;'
2013-03-05 21:37:01,135 [ 1] INFO  PhotonHostRuntime.PhotonDomainManager -   ConfigurationFile = 'D:\Data\Projects\Testing\DawnOnline\PhotonServer32\deploy\LiteLobby\bin\LiteLobby.dll.config'
2013-03-05 21:37:01,137 [ 1] INFO  PhotonHostRuntime.PhotonDomainManager -   CachePath = 'D:\Data\Projects\Testing\DawnOnline\PhotonServer32\deploy\LiteLobby\bin\Cache'
2013-03-05 21:37:01,284 [ 1] INFO  PhotonHostRuntime.PhotonDomainManager -   ApplicationPath = 'D:\Data\Projects\Testing\DawnOnline\PhotonServer32\deploy\LiteLobby'
2013-03-05 21:37:01,287 [ 1] INFO  PhotonHostRuntime.PhotonDomainManager -   BinaryPath = 'D:\Data\Projects\Testing\DawnOnline\PhotonServer32\deploy\LiteLobby\bin'
2013-03-05 21:37:01,289 [ 1] INFO  PhotonHostRuntime.PhotonDomainManager -   ApplicationRootPath = 'D:\Data\Projects\Testing\DawnOnline\PhotonServer32\deploy'
2013-03-05 21:37:01,292 [ 1] INFO  PhotonHostRuntime.PhotonDomainManager -   UnmanagedLogPath = 'D:\Data\Projects\Testing\DawnOnline\PhotonServer32\deploy\bin_Win32\log'
2013-03-05 21:37:01,325 [ 1] INFO  PhotonHostRuntime.PhotonDomainManager - AssemblyLoadEvent: LiteLobby, Version=3.2.10.4248, Culture=neutral, PublicKeyToken=null from file:///D:/Data/Projects/Testing/DawnOnline/PhotonServer32/deploy/LiteLobby/bin/LiteLobby.DLL
2013-03-05 21:37:01,328 [ 1] INFO  PhotonHostRuntime.PhotonDomainManager - Photon SDK:3.2.10.4248
2013-03-05 21:37:01,355 [ 1] INFO  PhotonHostRuntime.PhotonDomainManager - AssemblyLoadEvent: Lite, Version=3.2.10.4248, Culture=neutral, PublicKeyToken=null from file:///D:/Data/Projects/Testing/DawnOnline/PhotonServer32/deploy/LiteLobby/bin/Lite.DLL
2013-03-05 21:37:01,393 [ 1] INFO  PhotonHostRuntime.PhotonDomainManager - AssemblyLoadEvent: Photon.SocketServer, Version=3.2.10.4248, Culture=neutral, PublicKeyToken=48c2fa3b6988090e from file:///D:/Data/Projects/Testing/DawnOnline/PhotonServer32/deploy/LiteLobby/bin/Photon.SocketServer.DLL
2013-03-05 21:37:01,446 [ 1] INFO  PhotonHostRuntime.PhotonDomainManager - AssemblyLoadEvent: ExitGamesLibs, Version=0.9.9.5, Culture=neutral, PublicKeyToken=eac0edd9746a4aa0 from file:///D:/Data/Projects/Testing/DawnOnline/PhotonServer32/deploy/LiteLobby/bin/ExitGamesLibs.DLL
2013-03-05 21:37:01,464 [ 1] INFO  PhotonHostRuntime.PhotonDomainManager - AssemblyLoadEvent: System.Core, Version=4.0.0.0, Culture=neutral, PublicKeyToken=b77a5c561934e089 from file:///C:/Windows/Microsoft.Net/assembly/GAC_MSIL/System.Core/v4.0_4.0.0.0__b77a5c561934e089/System.Core.dll
2013-03-05 21:37:01,469 [ 1] INFO  PhotonHostRuntime.PhotonDomainManager - Starting: name = 'LiteLobby', assemblyName = 'LiteLobby', typeName = 'LiteLobby.LiteLobbyApplication'
2013-03-05 21:37:01,477 [ 1] INFO  PhotonHostRuntime.PhotonDomainManager - CreateAppDomain: name = 'MmoDemo' , assemblyName = 'Photon.MmoDemo.Server'
2013-03-05 21:37:01,480 [ 1] INFO  PhotonHostRuntime.PhotonDomainManager -   ApplicationBase = 'D:\Data\Projects\Testing\DawnOnline\PhotonServer32\deploy'
2013-03-05 21:37:01,482 [ 1] INFO  PhotonHostRuntime.PhotonDomainManager -   PrivateBinPath = 'D:\Data\Projects\Testing\DawnOnline\PhotonServer32\deploy\MmoDemo\bin;bin_Win32;Shared;'
2013-03-05 21:37:01,485 [ 1] INFO  PhotonHostRuntime.PhotonDomainManager -   ConfigurationFile = ''
2013-03-05 21:37:01,487 [ 1] INFO  PhotonHostRuntime.PhotonDomainManager -   CachePath = 'D:\Data\Projects\Testing\DawnOnline\PhotonServer32\deploy\MmoDemo\bin\Cache'
2013-03-05 21:37:01,634 [ 1] INFO  PhotonHostRuntime.PhotonDomainManager -   ApplicationPath = 'D:\Data\Projects\Testing\DawnOnline\PhotonServer32\deploy\MmoDemo'
2013-03-05 21:37:01,637 [ 1] INFO  PhotonHostRuntime.PhotonDomainManager -   BinaryPath = 'D:\Data\Projects\Testing\DawnOnline\PhotonServer32\deploy\MmoDemo\bin'
2013-03-05 21:37:01,639 [ 1] INFO  PhotonHostRuntime.PhotonDomainManager -   ApplicationRootPath = 'D:\Data\Projects\Testing\DawnOnline\PhotonServer32\deploy'
2013-03-05 21:37:01,642 [ 1] INFO  PhotonHostRuntime.PhotonDomainManager -   UnmanagedLogPath = 'D:\Data\Projects\Testing\DawnOnline\PhotonServer32\deploy\bin_Win32\log'
2013-03-05 21:37:01,679 [ 1] INFO  PhotonHostRuntime.PhotonDomainManager - AssemblyLoadEvent: Photon.MmoDemo.Server, Version=3.2.10.4248, Culture=neutral, PublicKeyToken=null from file:///D:/Data/Projects/Testing/DawnOnline/PhotonServer32/deploy/MmoDemo/bin/Photon.MmoDemo.Server.DLL
2013-03-05 21:37:01,683 [ 1] INFO  PhotonHostRuntime.PhotonDomainManager - Photon SDK:3.2.10.4248
2013-03-05 21:37:01,720 [ 1] INFO  PhotonHostRuntime.PhotonDomainManager - AssemblyLoadEvent: Photon.SocketServer, Version=3.2.10.4248, Culture=neutral, PublicKeyToken=48c2fa3b6988090e from file:///D:/Data/Projects/Testing/DawnOnline/PhotonServer32/deploy/MmoDemo/bin/Photon.SocketServer.DLL
2013-03-05 21:37:01,756 [ 1] INFO  PhotonHostRuntime.PhotonDomainManager - AssemblyLoadEvent: ExitGamesLibs, Version=0.9.9.5, Culture=neutral, PublicKeyToken=eac0edd9746a4aa0 from file:///D:/Data/Projects/Testing/DawnOnline/PhotonServer32/deploy/MmoDemo/bin/ExitGamesLibs.DLL
2013-03-05 21:37:01,776 [ 1] INFO  PhotonHostRuntime.PhotonDomainManager - AssemblyLoadEvent: System.Core, Version=4.0.0.0, Culture=neutral, PublicKeyToken=b77a5c561934e089 from file:///C:/Windows/Microsoft.Net/assembly/GAC_MSIL/System.Core/v4.0_4.0.0.0__b77a5c561934e089/System.Core.dll
2013-03-05 21:37:01,784 [ 1] INFO  PhotonHostRuntime.PhotonDomainManager - Starting: name = 'MmoDemo', assemblyName = 'Photon.MmoDemo.Server', typeName = 'Photon.MmoDemo.Server.PhotonApplication'
2013-03-05 21:37:01,793 [ 1] INFO  PhotonHostRuntime.PhotonDomainManager - CreateAppDomain: name = 'CounterPublisher' , assemblyName = 'CounterPublisher'
2013-03-05 21:37:01,796 [ 1] INFO  PhotonHostRuntime.PhotonDomainManager -   ApplicationBase = 'D:\Data\Projects\Testing\DawnOnline\PhotonServer32\deploy'
2013-03-05 21:37:01,798 [ 1] INFO  PhotonHostRuntime.PhotonDomainManager -   PrivateBinPath = 'D:\Data\Projects\Testing\DawnOnline\PhotonServer32\deploy\CounterPublisher\bin;bin_Win32;Shared;'
2013-03-05 21:37:01,800 [ 1] INFO  PhotonHostRuntime.PhotonDomainManager -   ConfigurationFile = 'D:\Data\Projects\Testing\DawnOnline\PhotonServer32\deploy\CounterPublisher\bin\CounterPublisher.dll.config'
2013-03-05 21:37:01,803 [ 1] INFO  PhotonHostRuntime.PhotonDomainManager -   CachePath = 'D:\Data\Projects\Testing\DawnOnline\PhotonServer32\deploy\CounterPublisher\bin\Cache'
2013-03-05 21:37:01,954 [ 1] INFO  PhotonHostRuntime.PhotonDomainManager -   ApplicationPath = 'D:\Data\Projects\Testing\DawnOnline\PhotonServer32\deploy\CounterPublisher'
2013-03-05 21:37:01,957 [ 1] INFO  PhotonHostRuntime.PhotonDomainManager -   BinaryPath = 'D:\Data\Projects\Testing\DawnOnline\PhotonServer32\deploy\CounterPublisher\bin'
2013-03-05 21:37:01,960 [ 1] INFO  PhotonHostRuntime.PhotonDomainManager -   ApplicationRootPath = 'D:\Data\Projects\Testing\DawnOnline\PhotonServer32\deploy'
2013-03-05 21:37:01,962 [ 1] INFO  PhotonHostRuntime.PhotonDomainManager -   UnmanagedLogPath = 'D:\Data\Projects\Testing\DawnOnline\PhotonServer32\deploy\bin_Win32\log'
2013-03-05 21:37:01,997 [ 1] INFO  PhotonHostRuntime.PhotonDomainManager - AssemblyLoadEvent: CounterPublisher, Version=3.2.10.4248, Culture=neutral, PublicKeyToken=null from file:///D:/Data/Projects/Testing/DawnOnline/PhotonServer32/deploy/CounterPublisher/bin/CounterPublisher.DLL
2013-03-05 21:37:02,000 [ 1] INFO  PhotonHostRuntime.PhotonDomainManager - Photon SDK:3.2.10.4248
2013-03-05 21:37:02,038 [ 1] INFO  PhotonHostRuntime.PhotonDomainManager - AssemblyLoadEvent: Photon.SocketServer, Version=3.2.10.4248, Culture=neutral, PublicKeyToken=48c2fa3b6988090e from file:///D:/Data/Projects/Testing/DawnOnline/PhotonServer32/deploy/CounterPublisher/bin/Photon.SocketServer.DLL
2013-03-05 21:37:02,073 [ 1] INFO  PhotonHostRuntime.PhotonDomainManager - AssemblyLoadEvent: ExitGamesLibs, Version=0.9.9.5, Culture=neutral, PublicKeyToken=eac0edd9746a4aa0 from file:///D:/Data/Projects/Testing/DawnOnline/PhotonServer32/deploy/CounterPublisher/bin/ExitGamesLibs.DLL
2013-03-05 21:37:02,092 [ 1] INFO  PhotonHostRuntime.PhotonDomainManager - AssemblyLoadEvent: System.Core, Version=4.0.0.0, Culture=neutral, PublicKeyToken=b77a5c561934e089 from file:///C:/Windows/Microsoft.Net/assembly/GAC_MSIL/System.Core/v4.0_4.0.0.0__b77a5c561934e089/System.Core.dll
2013-03-05 21:37:02,098 [ 1] INFO  PhotonHostRuntime.PhotonDomainManager - Starting: name = 'CounterPublisher', assemblyName = 'CounterPublisher', typeName = 'Photon.CounterPublisher.Application'
2013-03-05 21:37:02,104 [ 1] INFO  PhotonHostRuntime.PhotonDomainManager - CreateAppDomain: name = 'Policy' , assemblyName = 'Policy.Application'
2013-03-05 21:37:02,107 [ 1] INFO  PhotonHostRuntime.PhotonDomainManager -   ApplicationBase = 'D:\Data\Projects\Testing\DawnOnline\PhotonServer32\deploy'
2013-03-05 21:37:02,109 [ 1] INFO  PhotonHostRuntime.PhotonDomainManager -   PrivateBinPath = 'D:\Data\Projects\Testing\DawnOnline\PhotonServer32\deploy\Policy\bin;bin_Win32;Shared;'
2013-03-05 21:37:02,112 [ 1] INFO  PhotonHostRuntime.PhotonDomainManager -   ConfigurationFile = ''
2013-03-05 21:37:02,114 [ 1] INFO  PhotonHostRuntime.PhotonDomainManager -   CachePath = ''
2013-03-05 21:37:02,207 [ 1] INFO  PhotonHostRuntime.PhotonDomainManager -   ApplicationPath = 'D:\Data\Projects\Testing\DawnOnline\PhotonServer32\deploy\Policy'
2013-03-05 21:37:02,210 [ 1] INFO  PhotonHostRuntime.PhotonDomainManager -   BinaryPath = 'D:\Data\Projects\Testing\DawnOnline\PhotonServer32\deploy\Policy\bin'
2013-03-05 21:37:02,213 [ 1] INFO  PhotonHostRuntime.PhotonDomainManager -   ApplicationRootPath = 'D:\Data\Projects\Testing\DawnOnline\PhotonServer32\deploy'
2013-03-05 21:37:02,215 [ 1] INFO  PhotonHostRuntime.PhotonDomainManager -   UnmanagedLogPath = 'D:\Data\Projects\Testing\DawnOnline\PhotonServer32\deploy\bin_Win32\log'
2013-03-05 21:37:02,230 [ 1] INFO  PhotonHostRuntime.PhotonDomainManager - AssemblyLoadEvent: Policy.Application, Version=3.2.10.4248, Culture=neutral, PublicKeyToken=null from file:///D:/Data/Projects/Testing/DawnOnline/PhotonServer32/deploy/Policy/bin/Policy.Application.DLL
2013-03-05 21:37:02,234 [ 1] INFO  PhotonHostRuntime.PhotonDomainManager - Starting: name = 'Policy', assemblyName = 'Policy.Application', typeName = 'Exitgames.Realtime.Policy.Application.Policy'
2013-03-05 21:37:02,435 [ 1] INFO  PhotonHostRuntime.PhotonDomainManager - PhotonRunning: ApplicationName = 'CounterPublisher', DomainId='5' -- calling Application.Setup
2013-03-05 21:37:02,453 [ 1] INFO  PhotonHostRuntime.PhotonDomainManager - AssemblyLoadEvent: ExitGames.Logging.Log4Net, Version=0.9.9.5, Culture=neutral, PublicKeyToken=eac0edd9746a4aa0 from file:///D:/Data/Projects/Testing/DawnOnline/PhotonServer32/deploy/CounterPublisher/bin/ExitGames.Logging.Log4Net.DLL
2013-03-05 21:37:05,111 [ 1] INFO  PhotonHostRuntime.PhotonDomainManager - PhotonRunning: ApplicationName = 'Lite', DomainId='2' -- calling Application.Setup
2013-03-05 21:37:05,126 [ 1] INFO  PhotonHostRuntime.PhotonDomainManager - AssemblyLoadEvent: ExitGames.Logging.Log4Net, Version=0.9.9.5, Culture=neutral, PublicKeyToken=eac0edd9746a4aa0 from file:///D:/Data/Projects/Testing/DawnOnline/PhotonServer32/deploy/Lite/bin/ExitGames.Logging.Log4Net.DLL
2013-03-05 21:37:05,281 [ 1] INFO  PhotonHostRuntime.PhotonDomainManager - PhotonRunning: ApplicationName = 'LiteLobby', DomainId='3' -- calling Application.Setup
2013-03-05 21:37:05,298 [ 1] INFO  PhotonHostRuntime.PhotonDomainManager - AssemblyLoadEvent: ExitGames.Logging.Log4Net, Version=0.9.9.5, Culture=neutral, PublicKeyToken=eac0edd9746a4aa0 from file:///D:/Data/Projects/Testing/DawnOnline/PhotonServer32/deploy/LiteLobby/bin/ExitGames.Logging.Log4Net.DLL
2013-03-05 21:37:05,455 [ 1] INFO  PhotonHostRuntime.PhotonDomainManager - PhotonRunning: ApplicationName = 'MmoDemo', DomainId='4' -- calling Application.Setup
2013-03-05 21:37:05,474 [ 1] INFO  PhotonHostRuntime.PhotonDomainManager - AssemblyLoadEvent: ExitGames.Logging.Log4Net, Version=0.9.9.5, Culture=neutral, PublicKeyToken=eac0edd9746a4aa0 from file:///D:/Data/Projects/Testing/DawnOnline/PhotonServer32/deploy/MmoDemo/bin/ExitGames.Logging.Log4Net.DLL
2013-03-05 21:37:06,943 [ 1] INFO  PhotonHostRuntime.PhotonDomainManager - PhotonRunning: ApplicationName = 'Policy', DomainId='6' -- calling Application.Setup
2013-03-05 21:37:07,076 [ 1] INFO  PhotonHostRuntime.PhotonDomainManager - PhotonRunning: ApplicationName = 'DefaultDomain', DomainId='1'
2013-03-05 21:41:32,909 [ 1] INFO  PhotonHostRuntime.PhotonDomainManager - Initialize: ApplicationName = 'DefaultDomain', DomainID = '1'
2013-03-05 21:41:32,926 [ 1] INFO  PhotonHostRuntime.PhotonDomainManager - AppDomains with unhandled exceptions are usually not unloaded and restarted.
2013-03-05 21:41:32,930 [ 1] INFO  PhotonHostRuntime.PhotonDomainManager - Getting license information:
2013-03-05 21:41:33,764 [ 1] INFO  PhotonHostRuntime.PhotonLicensing - LICENSE: Expiration: never; floating license: yes; max connections: 100; valid IPs: any
2013-03-05 21:41:34,934 [ 1] INFO  PhotonHostRuntime.PhotonDomainManager - CreateAppDomain: name = 'Lite' , assemblyName = 'Lite'
2013-03-05 21:41:34,937 [ 1] INFO  PhotonHostRuntime.PhotonDomainManager -   ApplicationBase = 'D:\Data\Projects\Testing\DawnOnline\PhotonServer32\deploy'
2013-03-05 21:41:34,940 [ 1] INFO  PhotonHostRuntime.PhotonDomainManager -   PrivateBinPath = 'D:\Data\Projects\Testing\DawnOnline\PhotonServer32\deploy\Lite\bin;bin_Win32;Shared;'
2013-03-05 21:41:34,942 [ 1] INFO  PhotonHostRuntime.PhotonDomainManager -   ConfigurationFile = 'D:\Data\Projects\Testing\DawnOnline\PhotonServer32\deploy\Lite\bin\Lite.dll.config'
2013-03-05 21:41:34,945 [ 1] INFO  PhotonHostRuntime.PhotonDomainManager -   CachePath = 'D:\Data\Projects\Testing\DawnOnline\PhotonServer32\deploy\Lite\bin\Cache'
2013-03-05 21:41:35,103 [ 1] INFO  PhotonHostRuntime.PhotonDomainManager -   ApplicationPath = 'D:\Data\Projects\Testing\DawnOnline\PhotonServer32\deploy\Lite'
2013-03-05 21:41:35,106 [ 1] INFO  PhotonHostRuntime.PhotonDomainManager -   BinaryPath = 'D:\Data\Projects\Testing\DawnOnline\PhotonServer32\deploy\Lite\bin'
2013-03-05 21:41:35,109 [ 1] INFO  PhotonHostRuntime.PhotonDomainManager -   ApplicationRootPath = 'D:\Data\Projects\Testing\DawnOnline\PhotonServer32\deploy'
2013-03-05 21:41:35,111 [ 1] INFO  PhotonHostRuntime.PhotonDomainManager -   UnmanagedLogPath = 'D:\Data\Projects\Testing\DawnOnline\PhotonServer32\deploy\bin_Win32\log'
2013-03-05 21:41:35,149 [ 1] INFO  PhotonHostRuntime.PhotonDomainManager - AssemblyLoadEvent: Lite, Version=3.2.10.4248, Culture=neutral, PublicKeyToken=null from file:///D:/Data/Projects/Testing/DawnOnline/PhotonServer32/deploy/Lite/bin/Lite.DLL
2013-03-05 21:41:35,152 [ 1] INFO  PhotonHostRuntime.PhotonDomainManager - Photon SDK:3.2.10.4248
2013-03-05 21:41:35,191 [ 1] INFO  PhotonHostRuntime.PhotonDomainManager - AssemblyLoadEvent: Photon.SocketServer, Version=3.2.10.4248, Culture=neutral, PublicKeyToken=48c2fa3b6988090e from file:///D:/Data/Projects/Testing/DawnOnline/PhotonServer32/deploy/Lite/bin/Photon.SocketServer.DLL
2013-03-05 21:41:35,228 [ 1] INFO  PhotonHostRuntime.PhotonDomainManager - AssemblyLoadEvent: ExitGamesLibs, Version=0.9.9.5, Culture=neutral, PublicKeyToken=eac0edd9746a4aa0 from file:///D:/Data/Projects/Testing/DawnOnline/PhotonServer32/deploy/Lite/bin/ExitGamesLibs.DLL
2013-03-05 21:41:35,250 [ 1] INFO  PhotonHostRuntime.PhotonDomainManager - AssemblyLoadEvent: System.Core, Version=4.0.0.0, Culture=neutral, PublicKeyToken=b77a5c561934e089 from file:///C:/Windows/Microsoft.Net/assembly/GAC_MSIL/System.Core/v4.0_4.0.0.0__b77a5c561934e089/System.Core.dll
2013-03-05 21:41:35,256 [ 1] INFO  PhotonHostRuntime.PhotonDomainManager - Starting: name = 'Lite', assemblyName = 'Lite', typeName = 'Lite.LiteApplication'
2013-03-05 21:41:35,265 [ 1] INFO  PhotonHostRuntime.PhotonDomainManager - CreateAppDomain: name = 'LiteLobby' , assemblyName = 'LiteLobby'
2013-03-05 21:41:35,268 [ 1] INFO  PhotonHostRuntime.PhotonDomainManager -   ApplicationBase = 'D:\Data\Projects\Testing\DawnOnline\PhotonServer32\deploy'
2013-03-05 21:41:35,270 [ 1] INFO  PhotonHostRuntime.PhotonDomainManager -   PrivateBinPath = 'D:\Data\Projects\Testing\DawnOnline\PhotonServer32\deploy\LiteLobby\bin;bin_Win32;Shared;'
2013-03-05 21:41:35,272 [ 1] INFO  PhotonHostRuntime.PhotonDomainManager -   ConfigurationFile = 'D:\Data\Projects\Testing\DawnOnline\PhotonServer32\deploy\LiteLobby\bin\LiteLobby.dll.config'
2013-03-05 21:41:35,275 [ 1] INFO  PhotonHostRuntime.PhotonDomainManager -   CachePath = 'D:\Data\Projects\Testing\DawnOnline\PhotonServer32\deploy\LiteLobby\bin\Cache'
2013-03-05 21:41:35,426 [ 1] INFO  PhotonHostRuntime.PhotonDomainManager -   ApplicationPath = 'D:\Data\Projects\Testing\DawnOnline\PhotonServer32\deploy\LiteLobby'
2013-03-05 21:41:35,429 [ 1] INFO  PhotonHostRuntime.PhotonDomainManager -   BinaryPath = 'D:\Data\Projects\Testing\DawnOnline\PhotonServer32\deploy\LiteLobby\bin'
2013-03-05 21:41:35,431 [ 1] INFO  PhotonHostRuntime.PhotonDomainManager -   ApplicationRootPath = 'D:\Data\Projects\Testing\DawnOnline\PhotonServer32\deploy'
2013-03-05 21:41:35,434 [ 1] INFO  PhotonHostRuntime.PhotonDomainManager -   UnmanagedLogPath = 'D:\Data\Projects\Testing\DawnOnline\PhotonServer32\deploy\bin_Win32\log'
2013-03-05 21:41:35,467 [ 1] INFO  PhotonHostRuntime.PhotonDomainManager - AssemblyLoadEvent: LiteLobby, Version=3.2.10.4248, Culture=neutral, PublicKeyToken=null from file:///D:/Data/Projects/Testing/DawnOnline/PhotonServer32/deploy/LiteLobby/bin/LiteLobby.DLL
2013-03-05 21:41:35,470 [ 1] INFO  PhotonHostRuntime.PhotonDomainManager - Photon SDK:3.2.10.4248
2013-03-05 21:41:35,506 [ 1] INFO  PhotonHostRuntime.PhotonDomainManager - AssemblyLoadEvent: Lite, Version=3.2.10.4248, Culture=neutral, PublicKeyToken=null from file:///D:/Data/Projects/Testing/DawnOnline/PhotonServer32/deploy/LiteLobby/bin/Lite.DLL
2013-03-05 21:41:35,544 [ 1] INFO  PhotonHostRuntime.PhotonDomainManager - AssemblyLoadEvent: Photon.SocketServer, Version=3.2.10.4248, Culture=neutral, PublicKeyToken=48c2fa3b6988090e from file:///D:/Data/Projects/Testing/DawnOnline/PhotonServer32/deploy/LiteLobby/bin/Photon.SocketServer.DLL
2013-03-05 21:41:35,581 [ 1] INFO  PhotonHostRuntime.PhotonDomainManager - AssemblyLoadEvent: ExitGamesLibs, Version=0.9.9.5, Culture=neutral, PublicKeyToken=eac0edd9746a4aa0 from file:///D:/Data/Projects/Testing/DawnOnline/PhotonServer32/deploy/LiteLobby/bin/ExitGamesLibs.DLL
2013-03-05 21:41:35,598 [ 1] INFO  PhotonHostRuntime.PhotonDomainManager - AssemblyLoadEvent: System.Core, Version=4.0.0.0, Culture=neutral, PublicKeyToken=b77a5c561934e089 from file:///C:/Windows/Microsoft.Net/assembly/GAC_MSIL/System.Core/v4.0_4.0.0.0__b77a5c561934e089/System.Core.dll
2013-03-05 21:41:35,604 [ 1] INFO  PhotonHostRuntime.PhotonDomainManager - Starting: name = 'LiteLobby', assemblyName = 'LiteLobby', typeName = 'LiteLobby.LiteLobbyApplication'
2013-03-05 21:41:35,612 [ 1] INFO  PhotonHostRuntime.PhotonDomainManager - CreateAppDomain: name = 'MmoDemo' , assemblyName = 'Photon.MmoDemo.Server'
2013-03-05 21:41:35,615 [ 1] INFO  PhotonHostRuntime.PhotonDomainManager -   ApplicationBase = 'D:\Data\Projects\Testing\DawnOnline\PhotonServer32\deploy'
2013-03-05 21:41:35,618 [ 1] INFO  PhotonHostRuntime.PhotonDomainManager -   PrivateBinPath = 'D:\Data\Projects\Testing\DawnOnline\PhotonServer32\deploy\MmoDemo\bin;bin_Win32;Shared;'
2013-03-05 21:41:35,620 [ 1] INFO  PhotonHostRuntime.PhotonDomainManager -   ConfigurationFile = ''
2013-03-05 21:41:35,622 [ 1] INFO  PhotonHostRuntime.PhotonDomainManager -   CachePath = 'D:\Data\Projects\Testing\DawnOnline\PhotonServer32\deploy\MmoDemo\bin\Cache'
2013-03-05 21:41:35,804 [ 1] INFO  PhotonHostRuntime.PhotonDomainManager -   ApplicationPath = 'D:\Data\Projects\Testing\DawnOnline\PhotonServer32\deploy\MmoDemo'
2013-03-05 21:41:35,807 [ 1] INFO  PhotonHostRuntime.PhotonDomainManager -   BinaryPath = 'D:\Data\Projects\Testing\DawnOnline\PhotonServer32\deploy\MmoDemo\bin'
2013-03-05 21:41:35,810 [ 1] INFO  PhotonHostRuntime.PhotonDomainManager -   ApplicationRootPath = 'D:\Data\Projects\Testing\DawnOnline\PhotonServer32\deploy'
2013-03-05 21:41:35,812 [ 1] INFO  PhotonHostRuntime.PhotonDomainManager -   UnmanagedLogPath = 'D:\Data\Projects\Testing\DawnOnline\PhotonServer32\deploy\bin_Win32\log'
2013-03-05 21:41:35,849 [ 1] INFO  PhotonHostRuntime.PhotonDomainManager - AssemblyLoadEvent: Photon.MmoDemo.Server, Version=3.2.10.4248, Culture=neutral, PublicKeyToken=null from file:///D:/Data/Projects/Testing/DawnOnline/PhotonServer32/deploy/MmoDemo/bin/Photon.MmoDemo.Server.DLL
2013-03-05 21:41:35,852 [ 1] INFO  PhotonHostRuntime.PhotonDomainManager - Photon SDK:3.2.10.4248
2013-03-05 21:41:35,892 [ 1] INFO  PhotonHostRuntime.PhotonDomainManager - AssemblyLoadEvent: Photon.SocketServer, Version=3.2.10.4248, Culture=neutral, PublicKeyToken=48c2fa3b6988090e from file:///D:/Data/Projects/Testing/DawnOnline/PhotonServer32/deploy/MmoDemo/bin/Photon.SocketServer.DLL
2013-03-05 21:41:35,928 [ 1] INFO  PhotonHostRuntime.PhotonDomainManager - AssemblyLoadEvent: ExitGamesLibs, Version=0.9.9.5, Culture=neutral, PublicKeyToken=eac0edd9746a4aa0 from file:///D:/Data/Projects/Testing/DawnOnline/PhotonServer32/deploy/MmoDemo/bin/ExitGamesLibs.DLL
2013-03-05 21:41:35,946 [ 1] INFO  PhotonHostRuntime.PhotonDomainManager - AssemblyLoadEvent: System.Core, Version=4.0.0.0, Culture=neutral, PublicKeyToken=b77a5c561934e089 from file:///C:/Windows/Microsoft.Net/assembly/GAC_MSIL/System.Core/v4.0_4.0.0.0__b77a5c561934e089/System.Core.dll
2013-03-05 21:41:35,953 [ 1] INFO  PhotonHostRuntime.PhotonDomainManager - Starting: name = 'MmoDemo', assemblyName = 'Photon.MmoDemo.Server', typeName = 'Photon.MmoDemo.Server.PhotonApplication'
2013-03-05 21:41:35,962 [ 1] INFO  PhotonHostRuntime.PhotonDomainManager - CreateAppDomain: name = 'CounterPublisher' , assemblyName = 'CounterPublisher'
2013-03-05 21:41:35,965 [ 1] INFO  PhotonHostRuntime.PhotonDomainManager -   ApplicationBase = 'D:\Data\Projects\Testing\DawnOnline\PhotonServer32\deploy'
2013-03-05 21:41:35,967 [ 1] INFO  PhotonHostRuntime.PhotonDomainManager -   PrivateBinPath = 'D:\Data\Projects\Testing\DawnOnline\PhotonServer32\deploy\CounterPublisher\bin;bin_Win32;Shared;'
2013-03-05 21:41:35,970 [ 1] INFO  PhotonHostRuntime.PhotonDomainManager -   ConfigurationFile = 'D:\Data\Projects\Testing\DawnOnline\PhotonServer32\deploy\CounterPublisher\bin\CounterPublisher.dll.config'
2013-03-05 21:41:35,972 [ 1] INFO  PhotonHostRuntime.PhotonDomainManager -   CachePath = 'D:\Data\Projects\Testing\DawnOnline\PhotonServer32\deploy\CounterPublisher\bin\Cache'
2013-03-05 21:41:36,121 [ 1] INFO  PhotonHostRuntime.PhotonDomainManager -   ApplicationPath = 'D:\Data\Projects\Testing\DawnOnline\PhotonServer32\deploy\CounterPublisher'
2013-03-05 21:41:36,124 [ 1] INFO  PhotonHostRuntime.PhotonDomainManager -   BinaryPath = 'D:\Data\Projects\Testing\DawnOnline\PhotonServer32\deploy\CounterPublisher\bin'
2013-03-05 21:41:36,127 [ 1] INFO  PhotonHostRuntime.PhotonDomainManager -   ApplicationRootPath = 'D:\Data\Projects\Testing\DawnOnline\PhotonServer32\deploy'
2013-03-05 21:41:36,129 [ 1] INFO  PhotonHostRuntime.PhotonDomainManager -   UnmanagedLogPath = 'D:\Data\Projects\Testing\DawnOnline\PhotonServer32\deploy\bin_Win32\log'
2013-03-05 21:41:36,166 [ 1] INFO  PhotonHostRuntime.PhotonDomainManager - AssemblyLoadEvent: CounterPublisher, Version=3.2.10.4248, Culture=neutral, PublicKeyToken=null from file:///D:/Data/Projects/Testing/DawnOnline/PhotonServer32/deploy/CounterPublisher/bin/CounterPublisher.DLL
2013-03-05 21:41:36,169 [ 1] INFO  PhotonHostRuntime.PhotonDomainManager - Photon SDK:3.2.10.4248
2013-03-05 21:41:36,208 [ 1] INFO  PhotonHostRuntime.PhotonDomainManager - AssemblyLoadEvent: Photon.SocketServer, Version=3.2.10.4248, Culture=neutral, PublicKeyToken=48c2fa3b6988090e from file:///D:/Data/Projects/Testing/DawnOnline/PhotonServer32/deploy/CounterPublisher/bin/Photon.SocketServer.DLL
2013-03-05 21:41:36,245 [ 1] INFO  PhotonHostRuntime.PhotonDomainManager - AssemblyLoadEvent: ExitGamesLibs, Version=0.9.9.5, Culture=neutral, PublicKeyToken=eac0edd9746a4aa0 from file:///D:/Data/Projects/Testing/DawnOnline/PhotonServer32/deploy/CounterPublisher/bin/ExitGamesLibs.DLL
2013-03-05 21:41:36,263 [ 1] INFO  PhotonHostRuntime.PhotonDomainManager - AssemblyLoadEvent: System.Core, Version=4.0.0.0, Culture=neutral, PublicKeyToken=b77a5c561934e089 from file:///C:/Windows/Microsoft.Net/assembly/GAC_MSIL/System.Core/v4.0_4.0.0.0__b77a5c561934e089/System.Core.dll
2013-03-05 21:41:36,268 [ 1] INFO  PhotonHostRuntime.PhotonDomainManager - Starting: name = 'CounterPublisher', assemblyName = 'CounterPublisher', typeName = 'Photon.CounterPublisher.Application'
2013-03-05 21:41:36,275 [ 1] INFO  PhotonHostRuntime.PhotonDomainManager - CreateAppDomain: name = 'Policy' , assemblyName = 'Policy.Application'
2013-03-05 21:41:36,278 [ 1] INFO  PhotonHostRuntime.PhotonDomainManager -   ApplicationBase = 'D:\Data\Projects\Testing\DawnOnline\PhotonServer32\deploy'
2013-03-05 21:41:36,280 [ 1] INFO  PhotonHostRuntime.PhotonDomainManager -   PrivateBinPath = 'D:\Data\Projects\Testing\DawnOnline\PhotonServer32\deploy\Policy\bin;bin_Win32;Shared;'
2013-03-05 21:41:36,282 [ 1] INFO  PhotonHostRuntime.PhotonDomainManager -   ConfigurationFile = ''
2013-03-05 21:41:36,284 [ 1] INFO  PhotonHostRuntime.PhotonDomainManager -   CachePath = ''
2013-03-05 21:41:36,375 [ 1] INFO  PhotonHostRuntime.PhotonDomainManager -   ApplicationPath = 'D:\Data\Projects\Testing\DawnOnline\PhotonServer32\deploy\Policy'
2013-03-05 21:41:36,378 [ 1] INFO  PhotonHostRuntime.PhotonDomainManager -   BinaryPath = 'D:\Data\Projects\Testing\DawnOnline\PhotonServer32\deploy\Policy\bin'
2013-03-05 21:41:36,381 [ 1] INFO  PhotonHostRuntime.PhotonDomainManager -   ApplicationRootPath = 'D:\Data\Projects\Testing\DawnOnline\PhotonServer32\deploy'
2013-03-05 21:41:36,384 [ 1] INFO  PhotonHostRuntime.PhotonDomainManager -   UnmanagedLogPath = 'D:\Data\Projects\Testing\DawnOnline\PhotonServer32\deploy\bin_Win32\log'
2013-03-05 21:41:36,398 [ 1] INFO  PhotonHostRuntime.PhotonDomainManager - AssemblyLoadEvent: Policy.Application, Version=3.2.10.4248, Culture=neutral, PublicKeyToken=null from file:///D:/Data/Projects/Testing/DawnOnline/PhotonServer32/deploy/Policy/bin/Policy.Application.DLL
2013-03-05 21:41:36,402 [ 1] INFO  PhotonHostRuntime.PhotonDomainManager - Starting: name = 'Policy', assemblyName = 'Policy.Application', typeName = 'Exitgames.Realtime.Policy.Application.Policy'
2013-03-05 21:41:36,602 [ 1] INFO  PhotonHostRuntime.PhotonDomainManager - PhotonRunning: ApplicationName = 'CounterPublisher', DomainId='5' -- calling Application.Setup
2013-03-05 21:41:36,629 [ 1] INFO  PhotonHostRuntime.PhotonDomainManager - AssemblyLoadEvent: ExitGames.Logging.Log4Net, Version=0.9.9.5, Culture=neutral, PublicKeyToken=eac0edd9746a4aa0 from file:///D:/Data/Projects/Testing/DawnOnline/PhotonServer32/deploy/CounterPublisher/bin/ExitGames.Logging.Log4Net.DLL
2013-03-05 21:41:39,173 [ 1] INFO  PhotonHostRuntime.PhotonDomainManager - PhotonRunning: ApplicationName = 'Lite', DomainId='2' -- calling Application.Setup
2013-03-05 21:41:39,189 [ 1] INFO  PhotonHostRuntime.PhotonDomainManager - AssemblyLoadEvent: ExitGames.Logging.Log4Net, Version=0.9.9.5, Culture=neutral, PublicKeyToken=eac0edd9746a4aa0 from file:///D:/Data/Projects/Testing/DawnOnline/PhotonServer32/deploy/Lite/bin/ExitGames.Logging.Log4Net.DLL
2013-03-05 21:41:39,346 [ 1] INFO  PhotonHostRuntime.PhotonDomainManager - PhotonRunning: ApplicationName = 'LiteLobby', DomainId='3' -- calling Application.Setup
2013-03-05 21:41:39,365 [ 1] INFO  PhotonHostRuntime.PhotonDomainManager - AssemblyLoadEvent: ExitGames.Logging.Log4Net, Version=0.9.9.5, Culture=neutral, PublicKeyToken=eac0edd9746a4aa0 from file:///D:/Data/Projects/Testing/DawnOnline/PhotonServer32/deploy/LiteLobby/bin/ExitGames.Logging.Log4Net.DLL
2013-03-05 21:41:39,524 [ 1] INFO  PhotonHostRuntime.PhotonDomainManager - PhotonRunning: ApplicationName = 'MmoDemo', DomainId='4' -- calling Application.Setup
2013-03-05 21:41:39,548 [ 1] INFO  PhotonHostRuntime.PhotonDomainManager - AssemblyLoadEvent: ExitGames.Logging.Log4Net, Version=0.9.9.5, Culture=neutral, PublicKeyToken=eac0edd9746a4aa0 from file:///D:/Data/Projects/Testing/DawnOnline/PhotonServer32/deploy/MmoDemo/bin/ExitGames.Logging.Log4Net.DLL
2013-03-05 21:41:40,730 [ 1] INFO  PhotonHostRuntime.PhotonDomainManager - PhotonRunning: ApplicationName = 'Policy', DomainId='6' -- calling Application.Setup
2013-03-05 21:41:40,842 [ 1] INFO  PhotonHostRuntime.PhotonDomainManager - PhotonRunning: ApplicationName = 'DefaultDomain', DomainId='1'
2013-03-05 21:50:36,411 [ 1] INFO  PhotonHostRuntime.PhotonDomainManager - Initialize: ApplicationName = 'DefaultDomain', DomainID = '1'
2013-03-05 21:50:36,428 [ 1] INFO  PhotonHostRuntime.PhotonDomainManager - AppDomains with unhandled exceptions are usually not unloaded and restarted.
2013-03-05 21:50:36,433 [ 1] INFO  PhotonHostRuntime.PhotonDomainManager - Getting license information:
2013-03-05 21:50:37,261 [ 1] INFO  PhotonHostRuntime.PhotonLicensing - LICENSE: Expiration: never; floating license: yes; max connections: 100; valid IPs: any
2013-03-05 21:50:38,624 [ 1] INFO  PhotonHostRuntime.PhotonDomainManager - CreateAppDomain: name = 'DawnServer' , assemblyName = 'DawnPhotonApp'
2013-03-05 21:50:38,627 [ 1] INFO  PhotonHostRuntime.PhotonDomainManager -   ApplicationBase = 'D:\Data\Projects\Testing\DawnOnline\PhotonServer32\deploy'
2013-03-05 21:50:38,629 [ 1] INFO  PhotonHostRuntime.PhotonDomainManager -   PrivateBinPath = 'D:\Data\Projects\Testing\DawnOnline\PhotonServer32\deploy\DawnServer\bin;bin_Win32;Shared;'
2013-03-05 21:50:38,632 [ 1] INFO  PhotonHostRuntime.PhotonDomainManager -   ConfigurationFile = ''
2013-03-05 21:50:38,636 [ 1] INFO  PhotonHostRuntime.PhotonDomainManager -   CachePath = 'D:\Data\Projects\Testing\DawnOnline\PhotonServer32\deploy\DawnServer\bin\Cache'
2013-03-05 21:50:38,830 [ 1] INFO  PhotonHostRuntime.PhotonDomainManager -   ApplicationPath = 'D:\Data\Projects\Testing\DawnOnline\PhotonServer32\deploy\DawnServer'
2013-03-05 21:50:38,833 [ 1] INFO  PhotonHostRuntime.PhotonDomainManager -   BinaryPath = 'D:\Data\Projects\Testing\DawnOnline\PhotonServer32\deploy\DawnServer\bin'
2013-03-05 21:50:38,836 [ 1] INFO  PhotonHostRuntime.PhotonDomainManager -   ApplicationRootPath = 'D:\Data\Projects\Testing\DawnOnline\PhotonServer32\deploy'
2013-03-05 21:50:38,838 [ 1] INFO  PhotonHostRuntime.PhotonDomainManager -   UnmanagedLogPath = 'D:\Data\Projects\Testing\DawnOnline\PhotonServer32\deploy\bin_Win32\log'
2013-03-05 21:50:38,887 [ 1] INFO  PhotonHostRuntime.PhotonDomainManager - AssemblyLoadEvent: DawnPhotonApp, Version=1.0.0.0, Culture=neutral, PublicKeyToken=null from file:///D:/Data/Projects/Testing/DawnOnline/PhotonServer32/deploy/DawnServer/bin/DawnPhotonApp.DLL
2013-03-05 21:50:38,891 [ 1] INFO  PhotonHostRuntime.PhotonDomainManager - Photon SDK:3.2.10.4248
2013-03-05 21:50:38,932 [ 1] INFO  PhotonHostRuntime.PhotonDomainManager - AssemblyLoadEvent: Lite, Version=3.2.10.4248, Culture=neutral, PublicKeyToken=null from file:///D:/Data/Projects/Testing/DawnOnline/PhotonServer32/deploy/DawnServer/bin/Lite.DLL
2013-03-05 21:50:38,987 [ 1] INFO  PhotonHostRuntime.PhotonDomainManager - AssemblyLoadEvent: Photon.SocketServer, Version=3.2.10.4248, Culture=neutral, PublicKeyToken=48c2fa3b6988090e from file:///D:/Data/Projects/Testing/DawnOnline/PhotonServer32/deploy/DawnServer/bin/Photon.SocketServer.DLL
2013-03-05 21:50:39,041 [ 1] INFO  PhotonHostRuntime.PhotonDomainManager - AssemblyLoadEvent: ExitGamesLibs, Version=0.9.9.5, Culture=neutral, PublicKeyToken=eac0edd9746a4aa0 from file:///D:/Data/Projects/Testing/DawnOnline/PhotonServer32/deploy/DawnServer/bin/ExitGamesLibs.DLL
2013-03-05 21:50:39,060 [ 1] INFO  PhotonHostRuntime.PhotonDomainManager - AssemblyLoadEvent: System.Core, Version=4.0.0.0, Culture=neutral, PublicKeyToken=b77a5c561934e089 from file:///C:/Windows/Microsoft.Net/assembly/GAC_MSIL/System.Core/v4.0_4.0.0.0__b77a5c561934e089/System.Core.dll
2013-03-05 21:50:39,066 [ 1] INFO  PhotonHostRuntime.PhotonDomainManager - Starting: name = 'DawnServer', assemblyName = 'DawnPhotonApp', typeName = 'MyApplication.MyApplication'
2013-03-05 21:50:39,074 [ 1] INFO  PhotonHostRuntime.PhotonDomainManager - CreateAppDomain: name = 'CounterPublisher' , assemblyName = 'CounterPublisher'
2013-03-05 21:50:39,077 [ 1] INFO  PhotonHostRuntime.PhotonDomainManager -   ApplicationBase = 'D:\Data\Projects\Testing\DawnOnline\PhotonServer32\deploy'
2013-03-05 21:50:39,079 [ 1] INFO  PhotonHostRuntime.PhotonDomainManager -   PrivateBinPath = 'D:\Data\Projects\Testing\DawnOnline\PhotonServer32\deploy\CounterPublisher\bin;bin_Win32;Shared;'
2013-03-05 21:50:39,082 [ 1] INFO  PhotonHostRuntime.PhotonDomainManager -   ConfigurationFile = 'D:\Data\Projects\Testing\DawnOnline\PhotonServer32\deploy\CounterPublisher\bin\CounterPublisher.dll.config'
2013-03-05 21:50:39,084 [ 1] INFO  PhotonHostRuntime.PhotonDomainManager -   CachePath = 'D:\Data\Projects\Testing\DawnOnline\PhotonServer32\deploy\CounterPublisher\bin\Cache'
2013-03-05 21:50:39,447 [ 1] INFO  PhotonHostRuntime.PhotonDomainManager -   ApplicationPath = 'D:\Data\Projects\Testing\DawnOnline\PhotonServer32\deploy\CounterPublisher'
2013-03-05 21:50:39,450 [ 1] INFO  PhotonHostRuntime.PhotonDomainManager -   BinaryPath = 'D:\Data\Projects\Testing\DawnOnline\PhotonServer32\deploy\CounterPublisher\bin'
2013-03-05 21:50:39,452 [ 1] INFO  PhotonHostRuntime.PhotonDomainManager -   ApplicationRootPath = 'D:\Data\Projects\Testing\DawnOnline\PhotonServer32\deploy'
2013-03-05 21:50:39,455 [ 1] INFO  PhotonHostRuntime.PhotonDomainManager -   UnmanagedLogPath = 'D:\Data\Projects\Testing\DawnOnline\PhotonServer32\deploy\bin_Win32\log'
2013-03-05 21:50:39,505 [ 1] INFO  PhotonHostRuntime.PhotonDomainManager - AssemblyLoadEvent: CounterPublisher, Version=3.2.10.4248, Culture=neutral, PublicKeyToken=null from file:///D:/Data/Projects/Testing/DawnOnline/PhotonServer32/deploy/CounterPublisher/bin/CounterPublisher.DLL
2013-03-05 21:50:39,508 [ 1] INFO  PhotonHostRuntime.PhotonDomainManager - Photon SDK:3.2.10.4248
2013-03-05 21:50:39,552 [ 1] INFO  PhotonHostRuntime.PhotonDomainManager - AssemblyLoadEvent: Photon.SocketServer, Version=3.2.10.4248, Culture=neutral, PublicKeyToken=48c2fa3b6988090e from file:///D:/Data/Projects/Testing/DawnOnline/PhotonServer32/deploy/CounterPublisher/bin/Photon.SocketServer.DLL
2013-03-05 21:50:39,593 [ 1] INFO  PhotonHostRuntime.PhotonDomainManager - AssemblyLoadEvent: ExitGamesLibs, Version=0.9.9.5, Culture=neutral, PublicKeyToken=eac0edd9746a4aa0 from file:///D:/Data/Projects/Testing/DawnOnline/PhotonServer32/deploy/CounterPublisher/bin/ExitGamesLibs.DLL
2013-03-05 21:50:39,610 [ 1] INFO  PhotonHostRuntime.PhotonDomainManager - AssemblyLoadEvent: System.Core, Version=4.0.0.0, Culture=neutral, PublicKeyToken=b77a5c561934e089 from file:///C:/Windows/Microsoft.Net/assembly/GAC_MSIL/System.Core/v4.0_4.0.0.0__b77a5c561934e089/System.Core.dll
2013-03-05 21:50:39,615 [ 1] INFO  PhotonHostRuntime.PhotonDomainManager - Starting: name = 'CounterPublisher', assemblyName = 'CounterPublisher', typeName = 'Photon.CounterPublisher.Application'
2013-03-05 21:50:39,621 [ 1] INFO  PhotonHostRuntime.PhotonDomainManager - CreateAppDomain: name = 'Policy' , assemblyName = 'Policy.Application'
2013-03-05 21:50:39,624 [ 1] INFO  PhotonHostRuntime.PhotonDomainManager -   ApplicationBase = 'D:\Data\Projects\Testing\DawnOnline\PhotonServer32\deploy'
2013-03-05 21:50:39,626 [ 1] INFO  PhotonHostRuntime.PhotonDomainManager -   PrivateBinPath = 'D:\Data\Projects\Testing\DawnOnline\PhotonServer32\deploy\Policy\bin;bin_Win32;Shared;'
2013-03-05 21:50:39,629 [ 1] INFO  PhotonHostRuntime.PhotonDomainManager -   ConfigurationFile = ''
2013-03-05 21:50:39,631 [ 1] INFO  PhotonHostRuntime.PhotonDomainManager -   CachePath = ''
2013-03-05 21:50:39,749 [ 1] INFO  PhotonHostRuntime.PhotonDomainManager -   ApplicationPath = 'D:\Data\Projects\Testing\DawnOnline\PhotonServer32\deploy\Policy'
2013-03-05 21:50:39,752 [ 1] INFO  PhotonHostRuntime.PhotonDomainManager -   BinaryPath = 'D:\Data\Projects\Testing\DawnOnline\PhotonServer32\deploy\Policy\bin'
2013-03-05 21:50:39,755 [ 1] INFO  PhotonHostRuntime.PhotonDomainManager -   ApplicationRootPath = 'D:\Data\Projects\Testing\DawnOnline\PhotonServer32\deploy'
2013-03-05 21:50:39,757 [ 1] INFO  PhotonHostRuntime.PhotonDomainManager -   UnmanagedLogPath = 'D:\Data\Projects\Testing\DawnOnline\PhotonServer32\deploy\bin_Win32\log'
2013-03-05 21:50:39,773 [ 1] INFO  PhotonHostRuntime.PhotonDomainManager - AssemblyLoadEvent: Policy.Application, Version=3.2.10.4248, Culture=neutral, PublicKeyToken=null from file:///D:/Data/Projects/Testing/DawnOnline/PhotonServer32/deploy/Policy/bin/Policy.Application.DLL
2013-03-05 21:50:39,777 [ 1] INFO  PhotonHostRuntime.PhotonDomainManager - Starting: name = 'Policy', assemblyName = 'Policy.Application', typeName = 'Exitgames.Realtime.Policy.Application.Policy'
2013-03-05 21:50:39,988 [ 1] INFO  PhotonHostRuntime.PhotonDomainManager - PhotonRunning: ApplicationName = 'CounterPublisher', DomainId='3' -- calling Application.Setup
2013-03-05 21:50:40,005 [ 1] INFO  PhotonHostRuntime.PhotonDomainManager - AssemblyLoadEvent: ExitGames.Logging.Log4Net, Version=0.9.9.5, Culture=neutral, PublicKeyToken=eac0edd9746a4aa0 from file:///D:/Data/Projects/Testing/DawnOnline/PhotonServer32/deploy/CounterPublisher/bin/ExitGames.Logging.Log4Net.DLL
2013-03-05 21:50:42,612 [ 1] INFO  PhotonHostRuntime.PhotonDomainManager - PhotonRunning: ApplicationName = 'DawnServer', DomainId='2' -- calling Application.Setup
2013-03-05 21:50:42,642 [ 1] INFO  PhotonHostRuntime.PhotonDomainManager - AssemblyLoadEvent: ExitGames.Logging.Log4Net, Version=0.9.9.5, Culture=neutral, PublicKeyToken=eac0edd9746a4aa0 from file:///D:/Data/Projects/Testing/DawnOnline/PhotonServer32/deploy/DawnServer/bin/ExitGames.Logging.Log4Net.DLL
2013-03-05 21:50:42,776 [ 1] INFO  PhotonHostRuntime.PhotonDomainManager - PhotonRunning: ApplicationName = 'Policy', DomainId='4' -- calling Application.Setup
2013-03-05 21:50:42,866 [ 1] INFO  PhotonHostRuntime.PhotonDomainManager - PhotonRunning: ApplicationName = 'DefaultDomain', DomainId='1'
2013-03-05 21:51:02,182 [10] INFO  PhotonHostRuntime.PhotonDomainManager - AssemblyLoadEvent: DawnOnline.Simulation, Version=1.0.0.0, Culture=neutral, PublicKeyToken=null from file:///D:/Data/Projects/Testing/DawnOnline/PhotonServer32/deploy/DawnServer/bin/DawnOnline.Simulation.DLL
2013-03-05 21:51:02,210 [10] INFO  PhotonHostRuntime.PhotonDomainManager - AssemblyLoadEvent: SharedConstants, Version=1.0.0.0, Culture=neutral, PublicKeyToken=null from file:///D:/Data/Projects/Testing/DawnOnline/PhotonServer32/deploy/DawnServer/bin/SharedConstants.DLL
2013-03-05 21:51:02,266 [10] INFO  PhotonHostRuntime.PhotonDomainManager - AssemblyLoadEvent: Microsoft.Xna.Framework, Version=4.0.0.0, Culture=neutral, PublicKeyToken=842cf8be1de50553 from file:///C:/Windows/Microsoft.Net/assembly/GAC_32/Microsoft.Xna.Framework/v4.0_4.0.0.0__842cf8be1de50553/Microsoft.Xna.Framework.dll
2013-03-05 21:51:02,385 [10] INFO  PhotonHostRuntime.PhotonDomainManager - AssemblyLoadEvent: FarseerPhysicsXNA, Version=3.3.4812.39315, Culture=neutral, PublicKeyToken=null from file:///D:/Data/Projects/Testing/DawnOnline/PhotonServer32/deploy/DawnServer/bin/FarseerPhysicsXNA.DLL
2013-03-05 21:51:02,564 [10] INFO  PhotonHostRuntime.PhotonDomainManager - AssemblyLoadEvent: PerformanceMonitoring, Version=1.0.0.0, Culture=neutral, PublicKeyToken=null from file:///D:/Data/Projects/Testing/DawnOnline/PhotonServer32/deploy/DawnServer/bin/PerformanceMonitoring.DLL
